0.850082 0
0.850082 1
0.850082 2
0.850082 3
0.850082 4
0.850082 5
0.850082 6
0.850082 7
0.850082 8
0.850082 9
0.850082 10
0.850082 11
0.850082 12
0.850082 13
0.850082 14
0.850082 15
0.850082 16
0.850082 17
0.850082 18
0.850082 19
0.850082 20
0.850082 21
0.850082 22
0.849877 23
0.849877 24
0.849877 25
0.849877 26
0.849877 27
0.849877 28
0.849877 29
0.849877 30
0.849877 31
0.849877 32
0.849877 33
0.849877 34
0.849877 35
0.849877 36
0.849877 37
0.849877 38
0.850082 39
0.850082 40
0.850082 41
0.850082 42
0.850082 43
0.850082 44
0.850082 45
0.850082 46
0.850082 47
0.849877 48
0.849877 49
0.850082 50
0.850082 51
0.850082 52
0.850082 53
0.850082 54
0.850082 55
0.850082 56
0.850082 57
0.850082 58
0.850082 59
0.850082 60
0.850082 61
0.849877 62
0.850082 63
0.849877 64
0.849877 65
0.849877 66
0.849673 67
0.849673 68
0.849877 69
0.849673 70
0.849673 71
0.849673 72
0.849673 73
0.849673 74
0.849673 75
0.849673 76
0.849673 77
0.849673 78
0.849673 79
0.849673 80
0.849673 81
0.849673 82
0.849877 83
0.849877 84
0.849877 85
0.849877 86
0.849877 87
0.849673 88
0.849673 89
0.849673 90
0.849673 91
0.849877 92
0.849877 93
0.849877 94
0.849877 95
0.849673 96
0.850082 97
0.850082 98
0.850082 99
0.849877 100
0.849877 101
0.849877 102
0.849877 103
0.849877 104
0.849877 105
0.849877 106
0.849877 107
0.849877 108
0.849877 109
0.849877 110
0.849877 111
0.849877 112
0.849877 113
0.849877 114
0.849877 115
0.849877 116
0.849877 117
0.849877 118
0.849877 119
0.849877 120
0.849877 121
0.849877 122
0.849877 123
0.849877 124
0.849877 125
0.850082 126
0.850082 127
0.850082 128
0.850082 129
0.850082 130
0.850082 131
0.850286 132
0.850286 133
0.850286 134
0.850286 135
0.850286 136
0.850286 137
0.850286 138
0.850286 139
0.849877 140
0.849877 141
0.849877 142
0.849877 143
0.849877 144
0.849877 145
0.850082 146
0.850082 147
0.850082 148
0.850082 149
0.850082 150
0.850082 151
0.850082 152
0.850082 153
0.850082 154
0.850082 155
0.850082 156
0.850082 157
0.850082 158
0.850286 159
0.849265 160
0.846405 161
0.842933 162
0.839052 163
0.836193 164
0.835376 165
0.834559 166
0.834355 167
0.833742 168
0.833538 169
0.833742 170
0.834559 171
0.835580 172
0.835989 173
0.835989 174
0.833129 175
0.830065 176
0.827819 177
0.826389 178
0.824551 179
0.822304 180
0.821487 181
0.821283 182
0.820874 183
0.820670 184
0.820261 185
0.820466 186
0.820670 187
0.821283 188
0.821283 189
0.821691 190
0.821895 191
0.823325 192
0.823734 193
0.823529 194
0.823938 195
0.824551 196
0.825163 197
0.824959 198
0.826185 199
0.826593 200
0.825163 201
0.825980 202
0.826185 203
0.827002 204
0.825572 205
0.825980 206
0.824959 207
0.824755 208
0.822712 209
0.819649 210
0.813725 211
0.807802 212
0.801879 213
0.797590 214
0.796977 215
0.799224 216
0.800041 217
0.807802 218
0.821078 219
0.835784 220
0.848243 221
0.850286 222
0.850286 223
0.850286 224
0.850490 225
0.850490 226
0.850490 227
0.850490 228
0.849469 229
0.847835 230
0.847018 231
0.846609 232
0.845588 233
0.844567 234
0.844158 235
0.842525 236
0.840891 237
0.837623 238
0.834559 239
0.831087 240
0.829044 241
0.829248 242
0.829657 243
0.829657 244
0.829861 245
0.827002 246
0.825163 247
0.825163 248
0.824755 249
0.823734 250
0.822508 251
0.822508 252
0.816789 253
0.813725 254
0.810662 255
0.808007 256
0.806168 257
0.807802 258
0.809845 259
0.809028 260
0.809641 261
0.811683 262
0.815768 263
0.815564 264
0.815359 265
0.814542 266
0.814338 267
0.813317 268
0.812092 269
0.811683 270
0.811683 271
0.812704 272
0.812296 273
0.811683 274
0.811479 275
0.810458 276
0.810253 277
0.807802 278
0.801879 279
0.794526 280
0.788194 281
0.782884 282
0.780025 283
0.777165 284
0.777778 285
0.782884 286
0.785743 287
0.786969 288
0.788807 289
0.787377 290
0.793301 291
0.797590 292
0.796364 293
0.797998 294
0.797386 295
0.798815 296
0.802083 297
0.803513 298
0.807802 299
0.810662 300
0.806373 301
0.808415 302
0.803105 303
0.797386 304
0.794526 305
0.792484 306
0.791054 307
0.788194 308
0.781454 309
0.778186 310
0.782475 311
0.793709 312
0.805964 313
0.814951 314
0.821283 315
0.826185 316
0.832516 317
0.840482 318
0.847631 319
0.851307 320
0.851307 321
0.851307 322
0.851307 323
0.851307 324
0.851307 325
0.851307 326
0.851307 327
0.851307 328
0.851307 329
0.851307 330
0.851511 331
0.851511 332
0.851511 333
0.851511 334
0.851511 335
0.851511 336
0.851511 337
0.851511 338
0.851511 339
0.851511 340
0.851511 341
0.851511 342
0.851511 343
0.851511 344
0.851511 345
0.851511 346
0.851511 347
0.851511 348
0.851511 349
0.851511 350
0.851511 351
0.851511 352
0.851511 353
0.851716 354
0.851716 355
0.851716 356
0.851716 357
0.851920 358
0.851716 359
0.851716 360
0.851716 361
0.851716 362
0.851716 363
0.851920 364
0.851716 365
0.851716 366
0.851716 367
0.851716 368
0.851716 369
0.851716 370
0.851920 371
0.851716 372
0.851716 373
0.851920 374
0.851920 375
0.852124 376
0.851920 377
0.851920 378
0.852124 379
0.852124 380
0.852124 381
0.852124 382
0.852124 383
0.852124 384
0.852124 385
0.851716 386
0.847835 387
0.843546 388
0.836806 389
0.835376 390
0.827614 391
0.822712 392
0.819444 393
0.817606 394
0.816381 395
0.815155 396
0.814134 397
0.812704 398
0.810049 399
0.806168 400
0.793096 401
0.777982 402
0.759395 403
0.747958 404
0.741013 405
0.740400 406
0.739788 407
0.737949 408
0.740400 409
0.740605 410
0.737541 411
0.731413 412
0.727328 413
0.725490 414
0.721201 415
0.720180 416
0.722222 417
0.721609 418
0.722631 419
0.722426 420
0.724673 421
0.725694 422
0.727328 423
0.727737 424
0.730392 425
0.730801 426
0.732230 427
0.733047 428
0.734477 429
0.738766 430
0.751838 431
0.764297 432
0.774306 433
0.778391 434
0.774510 435
0.759395 436
0.748162 437
0.743464 438
0.741422 439
0.746936 440
0.760008 441
0.772059 442
0.788399 443
0.805351 444
0.822100 445
0.840074 446
0.844771 447
0.841095 448
0.839461 449
0.840278 450
0.841095 451
0.841708 452
0.842525 453
0.844363 454
0.846201 455
0.847631 456
0.850286 457
0.851103 458
0.851103 459
0.851103 460
0.851103 461
0.851103 462
0.851307 463
0.851511 464
0.851511 465
0.851511 466
0.851511 467
0.851511 468
0.851511 469
0.852124 470
0.852328 471
0.852737 472
0.853145 473
0.853145 474
0.853145 475
0.853145 476
0.853145 477
0.853145 478
0.853350 479
0.853350 480
0.853350 481
0.853350 482
0.853350 483
0.853350 484
0.853350 485
0.853350 486
0.853350 487
0.853350 488
0.853350 489
0.853350 490
0.853350 491
0.853350 492
0.853554 493
0.853554 494
0.853554 495
0.853554 496
0.853554 497
0.853554 498
0.853554 499
0.853758 500
0.852737 501
0.851716 502
0.849060 503
0.838848 504
0.828840 505
0.816993 506
0.813521 507
0.800041 508
0.790237 509
0.782067 510
0.778595 511
0.786356 512
0.798815 513
0.807190 514
0.821283 515
0.829657 516
0.833333 517
0.833538 518
0.833538 519
0.831904 520
0.827410 521
0.819240 522
0.812500 523
0.804943 524
0.798407 525
0.794526 526
0.789624 527
0.788399 528
0.788194 529
0.789420 530
0.790645 531
0.790850 532
0.790441 533
0.790645 534
0.788399 535
0.781658 536
0.776552 537
0.771855 538
0.768587 539
0.766953 540
0.764502 541
0.765114 542
0.763072 543
0.758783 544
0.755310 545
0.746936 546
0.744894 547
0.742443 548
0.741626 549
0.744690 550
0.751225 551
0.757353 552
0.760008 553
0.751838 554
0.740196 555
0.728758 556
0.724265 557
0.725286 558
0.727124 559
0.731209 560
0.739583 561
0.750408 562
0.767157 563
0.793301 564
0.803922 565
0.812500 566
0.817810 567
0.817198 568
0.815155 569
0.813113 570
0.813725 571
0.812908 572
0.811275 573
0.807598 574
0.806373 575
0.807190 576
0.807190 577
0.809436 578
0.814338 579
0.817810 580
0.817198 581
0.819444 582
0.820261 583
0.822100 584
0.823325 585
0.822917 586
0.823121 587
0.822917 588
0.821487 589
0.819853 590
0.815564 591
0.812908 592
0.812296 593
0.809232 594
0.804534 595
0.800654 596
0.798611 597
0.797590 598
0.796977 599
0.797386 600
0.797998 601
0.797998 602
0.801675 603
0.805760 604
0.810458 605
0.815972 606
0.818015 607
0.821078 608
0.825776 609
0.827819 610
0.828636 611
0.830882 612
0.832925 613
0.834967 614
0.834763 615
0.836193 616
0.836193 617
0.833946 618
0.834355 619
0.831087 620
0.828636 621
0.827410 622
0.827614 623
0.827410 624
0.828023 625
0.829044 626
0.827614 627
0.827819 628
0.828023 629
0.829657 630
0.831699 631
0.830270 632
0.828840 633
0.829657 634
0.826389 635
0.825776 636
0.824142 637
0.820466 638
0.817606 639
0.812296 640
0.811070 641
0.806373 642
0.810866 643
0.808824 644
0.806781 645
0.805351 646
0.803717 647
0.801471 648
0.800858 649
0.802083 650
0.802492 651
0.799428 652
0.792484 653
0.780637 654
0.767770 655
0.757966 656
0.752859 657
0.743873 658
0.740400 659
0.735703 660
0.732026 661
0.729575 662
0.724469 663
0.720588 664
0.717525 665
0.707312 666
0.698121 667
0.687092 668
0.681373 669
0.678922 670
0.678309 671
0.683824 672
0.687500 673
0.695261 674
0.711601 675
0.723652 676
0.731618 677
0.737949 678
0.747345 679
0.751225 680
0.759191 681
0.769608 682
0.778391 683
0.790850 684
0.805147 685
0.813521 686
0.816176 687
0.818219 688
0.821691 689
0.826389 690
0.828227 691
0.829248 692
0.830474 693
0.833742 694
0.838848 695
0.840074 696
0.840278 697
0.840482 698
0.842933 699
0.844771 700
0.845180 701
0.845792 702
0.845792 703
0.845792 704
0.845792 705
0.845384 706
0.845180 707
0.845180 708
0.845384 709
0.844975 710
0.844363 711
0.845384 712
0.846814 713
0.845180 714
0.840891 715
0.840074 716
0.841708 717
0.841095 718
0.840278 719
0.839869 720
0.840482 721
0.841299 722
0.840482 723
0.840074 724
0.841095 725
0.842116 726
0.842320 727
0.842933 728
0.843954 729
0.843342 730
0.842320 731
0.840482 732
0.841299 733
0.843137 734
0.843750 735
0.843954 736
0.844567 737
0.844363 738
0.845180 739
0.846201 740
0.849469 741
0.850694 742
0.851307 743
0.852328 744
0.854575 745
0.855392 746
0.855596 747
0.855596 748
0.855801 749
0.856005 750
0.856209 751
0.856209 752
0.856413 753
0.856618 754
0.856822 755
0.857435 756
0.857435 757
0.857435 758
0.857435 759
0.857435 760
0.857435 761
0.857435 762
0.857435 763
0.857435 764
0.857435 765
0.857435 766
0.857435 767
0.857435 768
0.857435 769
0.857435 770
0.857435 771
0.857639 772
0.857639 773
0.857639 774
0.857843 775
0.857843 776
0.857843 777
0.857843 778
0.857843 779
0.857843 780
0.857843 781
0.857843 782
0.857435 783
0.857026 784
0.856822 785
0.856005 786
0.853145 787
0.850899 788
0.847426 789
0.844363 790
0.838440 791
0.830474 792
0.823121 793
0.819036 794
0.817402 795
0.814747 796
0.813725 797
0.813317 798
0.813317 799
0.814747 800
0.815768 801
0.817606 802
0.819444 803
0.821691 804
0.823121 805
0.822917 806
0.823325 807
0.822508 808
0.821895 809
0.819444 810
0.812908 811
0.805760 812
0.797181 813
0.789624 814
0.775123 815
0.753064 816
0.734886 817
0.727124 818
0.723448 819
0.719975 820
0.718546 821
0.718750 822
0.719567 823
0.721814 824
0.723652 825
0.725490 826
0.728554 827
0.730596 828
0.732843 829
0.735498 830
0.737337 831
0.738971 832
0.739992 833
0.740809 834
0.742239 835
0.741830 836
0.741626 837
0.741626 838
0.742851 839
0.744485 840
0.744485 841
0.744690 842
0.745098 843
0.745302 844
0.746119 845
0.746936 846
0.747549 847
0.748162 848
0.748775 849
0.748570 850
0.748366 851
0.747958 852
0.748979 853
0.747753 854
0.746732 855
0.745098 856
0.743668 857
0.742647 858
0.745098 859
0.749592 860
0.754289 861
0.763276 862
0.773897 863
0.787173 864
0.799632 865
0.818015 866
0.839257 867
0.855801 868
0.857230 869
0.858047 870
0.858047 871
0.858252 872
0.857843 873
0.857026 874
0.856822 875
0.856005 876
0.855801 877
0.855801 878
0.855596 879
0.855801 880
0.856005 881
0.855801 882
0.856209 883
0.856822 884
0.857435 885
0.857639 886
0.858047 887
0.858456 888
0.859273 889
0.859477 890
0.859477 891
0.859477 892
0.859477 893
0.859477 894
0.859477 895
0.859477 896
0.859477 897
0.859477 898
0.859477 899
0.859477 900
0.859477 901
0.859477 902
0.859477 903
0.859477 904
0.859477 905
0.859477 906
0.859681 907
0.859681 908
0.859886 909
0.859681 910
0.859886 911
0.859477 912
0.857639 913
0.856822 914
0.856618 915
0.855596 916
0.854984 917
0.852533 918
0.849060 919
0.845997 920
0.842933 921
0.840686 922
0.839257 923
0.838644 924
0.837827 925
0.836601 926
0.836806 927
0.835989 928
0.836806 929
0.837214 930
0.837623 931
0.838848 932
0.839257 933
0.838848 934
0.835172 935
0.822304 936
0.813521 937
0.796364 938
0.780637 939
0.758987 940
0.745098 941
0.731413 942
0.725286 943
0.725694 944
0.728350 945
0.728962 946
0.729575 947
0.732843 948
0.733864 949
0.738154 950
0.739583 951
0.741830 952
0.743056 953
0.745915 954
0.748570 955
0.751430 956
0.753676 957
0.756740 958
0.756944 959
0.760008 960
0.759600 961
0.758987 962
0.758374 963
0.757557 964
0.758578 965
0.758170 966
0.757353 967
0.756740 968
0.756944 969
0.756536 970
0.756536 971
0.756740 972
0.754493 973
0.753881 974
0.753268 975
0.756740 976
0.765114 977
0.772467 978
0.782680 979
0.799837 980
0.817402 981
0.839052 982
0.850899 983
0.855392 984
0.855392 985
0.855392 986
0.854779 987
0.845384 988
0.830474 989
0.807802 990
0.777574 991
0.727941 992
0.669935 993
0.598652 994
0.584355 995
0.597426 996
0.608864 997
0.632761 998
0.645833 999
0.684845 1000
0.756127 1001
0.837214 1002
0.861111 1003
0.861111 1004
0.861111 1005
0.861111 1006
0.861315 1007
0.861315 1008
0.861315 1009
0.861315 1010
0.861315 1011
0.861315 1012
0.861315 1013
0.861315 1014
0.861315 1015
0.861315 1016
0.861520 1017
0.861520 1018
0.861520 1019
0.861520 1020
0.861520 1021
0.861520 1022
0.861520 1023
0.861520 1024
0.861520 1025
0.861520 1026
0.861520 1027
0.861520 1028
0.861520 1029
0.861520 1030
0.861520 1031
0.861520 1032
0.861111 1033
0.849673 1034
0.779820 1035
0.714665 1036
0.660948 1037
0.608864 1038
0.531863 1039
0.471609 1040
0.440972 1041
0.400735 1042
0.357435 1043
0.307394 1044
0.238154 1045
0.222835 1046
0.263480 1047
0.299632 1048
0.313113 1049
0.350082 1050
0.372141 1051
0.447917 1052
0.523080 1053
0.573121 1054
0.607435 1055
0.657680 1056
0.699959 1057
0.809641 1058
0.856822 1059
0.858864 1060
0.858864 1061
0.858864 1062
0.858864 1063
0.858864 1064
0.858864 1065
0.859069 1066
0.859069 1067
0.859069 1068
0.858864 1069
0.858864 1070
0.858864 1071
0.859069 1072
0.859069 1073
0.859069 1074
0.859069 1075
0.859069 1076
0.859069 1077
0.859069 1078
0.859069 1079
0.859069 1080
0.859273 1081
0.859273 1082
0.859273 1083
0.859273 1084
0.858252 1085
0.857639 1086
0.856822 1087
0.856209 1088
0.855596 1089
0.855188 1090
0.854371 1091
0.851511 1092
0.849469 1093
0.847426 1094
0.847222 1095
0.846609 1096
0.845792 1097
0.845588 1098
0.844975 1099
0.844363 1100
0.844158 1101
0.844158 1102
0.843954 1103
0.842320 1104
0.842320 1105
0.843137 1106
0.841912 1107
0.838848 1108
0.834150 1109
0.824755 1110
0.820874 1111
0.816176 1112
0.812908 1113
0.812296 1114
0.812500 1115
0.812092 1116
0.815359 1117
0.817402 1118
0.818832 1119
0.819036 1120
0.819444 1121
0.820670 1122
0.821078 1123
0.822100 1124
0.822508 1125
0.821283 1126
0.822100 1127
0.821895 1128
0.821895 1129
0.820670 1130
0.820057 1131
0.820874 1132
0.820466 1133
0.820874 1134
0.821691 1135
0.823325 1136
0.823325 1137
0.824755 1138
0.829453 1139
0.830678 1140
0.831904 1141
0.832925 1142
0.835580 1143
0.844567 1144
0.856413 1145
0.859069 1146
0.859681 1147
0.859886 1148
0.859886 1149
0.859681 1150
0.859681 1151
0.859886 1152
0.860294 1153
0.860294 1154
0.860090 1155
0.860294 1156
0.860498 1157
0.860294 1158
0.860294 1159
0.860294 1160
0.860294 1161
0.860294 1162
0.860294 1163
0.860294 1164
0.860294 1165
0.860498 1166
0.860498 1167
0.860294 1168
0.860294 1169
0.860090 1170
0.859886 1171
0.859477 1172
0.859069 1173
0.854371 1174
0.794526 1175
0.710784 1176
0.616217 1177
0.513276 1178
0.477941 1179
0.447100 1180
0.434028 1181
0.494894 1182
0.504085 1183
0.472018 1184
0.439338 1185
0.395833 1186
0.459559 1187
0.532271 1188
0.552900 1189
0.594567 1190
0.635212 1191
0.700776 1192
0.767565 1193
0.847631 1194
0.858456 1195
0.858660 1196
0.858047 1197
0.858252 1198
0.858252 1199
0.858047 1200
0.858047 1201
0.858047 1202
0.857843 1203
0.857230 1204
0.856209 1205
0.855392 1206
0.855392 1207
0.855188 1208
0.854984 1209
0.855188 1210
0.855392 1211
0.855188 1212
0.855392 1213
0.855392 1214
0.855392 1215
0.855188 1216
0.855188 1217
0.855188 1218
0.856005 1219
0.856618 1220
0.857230 1221
0.858047 1222
0.858660 1223
0.858864 1224
0.858864 1225
0.859069 1226
0.858456 1227
0.857639 1228
0.855188 1229
0.850694 1230
0.845180 1231
0.839052 1232
0.835172 1233
0.832312 1234
0.830270 1235
0.828840 1236
0.827819 1237
0.825776 1238
0.823938 1239
0.823529 1240
0.816176 1241
0.810458 1242
0.806373 1243
0.797998 1244
0.792075 1245
0.787173 1246
0.777574 1247
0.773489 1248
0.770833 1249
0.769608 1250
0.767361 1251
0.768178 1252
0.770016 1253
0.777369 1254
0.779412 1255
0.779412 1256
0.780025 1257
0.773284 1258
0.775123 1259
0.780433 1260
0.777165 1261
0.773693 1262
0.774714 1263
0.774101 1264
0.773284 1265
0.771038 1266
0.771855 1267
0.767157 1268
0.764297 1269
0.759600 1270
0.757353 1271
0.754085 1272
0.755719 1273
0.759191 1274
0.762459 1275
0.766136 1276
0.768382 1277
0.772263 1278
0.774101 1279
0.774306 1280
0.774306 1281
0.766136 1282
0.757557 1283
0.754289 1284
0.753472 1285
0.747345 1286
0.743873 1287
0.739992 1288
0.738358 1289
0.739379 1290
0.744894 1291
0.747958 1292
0.750408 1293
0.755515 1294
0.761029 1295
0.762459 1296
0.764297 1297
0.767974 1298
0.771242 1299
0.770221 1300
0.774306 1301
0.776757 1302
0.776961 1303
0.777778 1304
0.780025 1305
0.781250 1306
0.784109 1307
0.787786 1308
0.792484 1309
0.792688 1310
0.792892 1311
0.796364 1312
0.797998 1313
0.797998 1314
0.800449 1315
0.805760 1316
0.814134 1317
0.824755 1318
0.832108 1319
0.841095 1320
0.843546 1321
0.847426 1322
0.849673 1323
0.849877 1324
0.850899 1325
0.851511 1326
0.851920 1327
0.852328 1328
0.852328 1329
0.852124 1330
0.852124 1331
0.852328 1332
0.852737 1333
0.852533 1334
0.853145 1335
0.853145 1336
0.852941 1337
0.852737 1338
0.852941 1339
0.852737 1340
0.852737 1341
0.852941 1342
0.852737 1343
0.852737 1344
0.853350 1345
0.853350 1346
0.852941 1347
0.852941 1348
0.851920 1349
0.851716 1350
0.852328 1351
0.852941 1352
0.853145 1353
0.854371 1354
0.857230 1355
0.857230 1356
0.857435 1357
0.857435 1358
0.858047 1359
0.857843 1360
0.858047 1361
0.858864 1362
0.860294 1363
0.860294 1364
0.860498 1365
0.860498 1366
0.860703 1367
0.861111 1368
0.861520 1369
0.862541 1370
0.862745 1371
0.862541 1372
0.862541 1373
0.862541 1374
0.862745 1375
0.862745 1376
0.862949 1377
0.862949 1378
0.862949 1379
0.862949 1380
0.862949 1381
0.862949 1382
0.862745 1383
0.862745 1384
0.862541 1385
0.862337 1386
0.862541 1387
0.862541 1388
0.862541 1389
0.862745 1390
0.862745 1391
0.862745 1392
0.862745 1393
0.862745 1394
0.862541 1395
0.862745 1396
0.862745 1397
0.862745 1398
0.862745 1399
0.862541 1400
0.862949 1401
0.862949 1402
0.862949 1403
0.862949 1404
0.862949 1405
0.862745 1406
0.862745 1407
0.862949 1408
0.862949 1409
0.862949 1410
0.862745 1411
0.862745 1412
0.862541 1413
0.862541 1414
0.862745 1415
0.862745 1416
0.862745 1417
0.862745 1418
0.862745 1419
0.862745 1420
0.862745 1421
0.862745 1422
0.862745 1423
0.862745 1424
0.862745 1425
0.862745 1426
0.862745 1427
0.862745 1428
0.862745 1429
0.862745 1430
0.862745 1431
0.861724 1432
0.860703 1433
0.858456 1434
0.858252 1435
0.857843 1436
0.857230 1437
0.857026 1438
0.857026 1439
0.856413 1440
0.856209 1441
0.855596 1442
0.855596 1443
0.855188 1444
0.854984 1445
0.854575 1446
0.853962 1447
0.853962 1448
0.853962 1449
0.853350 1450
0.853554 1451
0.853350 1452
0.853350 1453
0.852941 1454
0.850694 1455
0.850286 1456
0.850490 1457
0.850286 1458
0.849265 1459
0.849060 1460
0.849673 1461
0.849265 1462
0.849877 1463
0.850286 1464
0.850082 1465
0.849673 1466
0.848448 1467
0.846405 1468
0.846201 1469
0.845997 1470
0.844567 1471
0.842729 1472
0.842320 1473
0.841503 1474
0.839461 1475
0.838848 1476
0.837418 1477
0.838235 1478
0.837010 1479
0.834763 1480
0.833538 1481
0.834763 1482
0.840482 1483
0.842116 1484
0.843342 1485
0.844975 1486
0.846201 1487
0.848448 1488
0.849673 1489
0.849060 1490
0.848448 1491
0.848448 1492
0.847835 1493
0.848243 1494
0.848039 1495
0.847631 1496
0.848448 1497
0.848039 1498
0.848243 1499
0.850082 1500
0.851511 1501
0.852328 1502
0.854371 1503
0.856822 1504
0.858456 1505
0.859069 1506
0.859886 1507
0.860703 1508
0.861111 1509
0.860703 1510
0.860703 1511
0.860703 1512
0.860703 1513
0.860907 1514
0.860703 1515
0.860907 1516
0.861111 1517
0.861520 1518
0.861520 1519
0.861315 1520
0.861724 1521
0.861928 1522
0.861928 1523
0.861724 1524
0.861928 1525
0.861928 1526
0.862132 1527
0.862337 1528
0.862132 1529
0.862541 1530
0.862745 1531
0.862949 1532
0.862949 1533
0.863562 1534
0.863971 1535
0.863971 1536
0.863971 1537
0.863971 1538
0.863971 1539
0.863971 1540
0.863971 1541
0.863971 1542
0.863971 1543
0.864175 1544
0.864175 1545
0.864175 1546
0.864175 1547
0.864175 1548
0.864175 1549
0.864175 1550
0.864175 1551
0.864175 1552
0.864175 1553
0.864175 1554
0.864175 1555
0.864175 1556
0.864175 1557
0.864175 1558
0.864175 1559
0.864175 1560
0.864175 1561
0.864175 1562
0.864175 1563
0.864175 1564
0.864175 1565
0.864175 1566
0.864175 1567
0.864175 1568
0.864175 1569
0.864175 1570
0.864379 1571
0.864379 1572
0.864379 1573
0.864175 1574
0.863971 1575
0.864175 1576
0.864379 1577
0.864379 1578
0.864379 1579
0.864379 1580
0.864175 1581
0.864175 1582
0.864175 1583
0.864379 1584
0.864175 1585
0.864175 1586
0.864175 1587
0.864175 1588
0.864175 1589
0.864175 1590
0.864175 1591
0.864175 1592
0.864175 1593
0.864175 1594
0.864175 1595
0.864175 1596
0.864175 1597
0.863971 1598
0.863971 1599
0.864379 1600
0.864379 1601
0.864379 1602
0.864379 1603
0.864379 1604
0.864379 1605
0.864379 1606
0.864379 1607
0.864379 1608
0.864379 1609
0.864583 1610
0.864788 1611
0.864788 1612
0.864788 1613
0.864788 1614
0.864992 1615
0.864583 1616
0.864583 1617
0.864583 1618
0.864583 1619
0.864379 1620
0.864379 1621
0.864379 1622
0.864379 1623
0.864583 1624
0.864583 1625
0.864583 1626
0.864583 1627
0.860498 1628
0.858660 1629
0.858456 1630
0.858047 1631
0.858047 1632
0.858047 1633
0.858252 1634
0.858252 1635
0.858252 1636
0.858660 1637
0.859681 1638
0.863358 1639
0.863562 1640
0.863766 1641
0.863562 1642
0.863562 1643
0.863358 1644
0.863154 1645
0.862745 1646
0.859681 1647
0.858456 1648
0.858252 1649
0.858252 1650
0.858252 1651
0.858252 1652
0.858252 1653
0.858456 1654
0.858456 1655
0.862132 1656
0.863971 1657
0.864583 1658
0.864788 1659
0.864788 1660
0.864788 1661
0.864788 1662
0.864788 1663
0.864992 1664
0.864175 1665
0.862337 1666
0.861520 1667
0.860703 1668
0.860090 1669
0.859273 1670
0.859273 1671
0.859069 1672
0.859069 1673
0.858660 1674
0.861520 1675
0.862949 1676
0.863358 1677
0.863562 1678
0.864379 1679
0.864175 1680
0.864379 1681
0.863766 1682
0.863358 1683
0.862337 1684
0.858864 1685
0.859069 1686
0.859069 1687
0.859477 1688
0.860090 1689
0.860498 1690
0.861111 1691
0.861928 1692
0.862541 1693
0.863562 1694
0.865196 1695
0.865400 1696
0.865400 1697
0.865400 1698
0.865400 1699
0.865400 1700
0.865400 1701
0.865400 1702
0.865400 1703
0.865400 1704
0.865400 1705
0.865605 1706
0.865605 1707
0.865400 1708
0.865605 1709
0.865400 1710
0.865400 1711
0.865400 1712
0.865196 1713
0.865400 1714
0.865400 1715
0.865400 1716
0.865400 1717
0.865400 1718
0.865400 1719
0.864788 1720
0.858660 1721
0.856005 1722
0.855801 1723
0.856005 1724
0.856005 1725
0.855801 1726
0.856005 1727
0.855801 1728
0.855801 1729
0.856005 1730
0.858047 1731
0.862337 1732
0.863358 1733
0.864175 1734
0.863766 1735
0.863766 1736
0.863562 1737
0.863766 1738
0.863358 1739
0.862949 1740
0.862337 1741
0.861111 1742
0.859477 1743
0.859477 1744
0.859681 1745
0.860294 1746
0.860498 1747
0.861111 1748
0.862337 1749
0.863971 1750
0.866217 1751
0.866217 1752
0.866217 1753
0.866217 1754
0.866217 1755
0.866217 1756
0.865196 1757
0.864583 1758
0.864175 1759
0.863971 1760
0.863766 1761
0.863154 1762
0.863154 1763
0.862745 1764
0.862132 1765
0.861520 1766
0.859273 1767
0.858252 1768
0.857639 1769
0.856822 1770
0.855801 1771
0.853758 1772
0.852533 1773
0.852124 1774
0.851511 1775
0.851307 1776
0.852328 1777
0.854371 1778
0.855392 1779
0.855801 1780
0.856209 1781
0.857026 1782
0.859886 1783
0.860703 1784
0.860498 1785
0.860498 1786
0.860090 1787
0.860294 1788
0.853554 1789
0.848039 1790
0.839665 1791
0.833333 1792
0.829248 1793
0.827614 1794
0.827206 1795
0.825980 1796
0.824142 1797
0.824755 1798
0.825368 1799
0.825980 1800
0.825776 1801
0.828023 1802
0.828023 1803
0.827002 1804
0.825980 1805
0.823938 1806
0.817606 1807
0.806577 1808
0.797386 1809
0.787786 1810
0.777574 1811
0.766544 1812
0.755923 1813
0.749796 1814
0.747753 1815
0.747753 1816
0.748366 1817
0.749387 1818
0.758374 1819
0.761029 1820
0.761846 1821
0.765727 1822
0.768587 1823
0.770629 1824
0.773489 1825
0.773080 1826
0.773489 1827
0.770833 1828
0.768995 1829
0.765523 1830
0.764502 1831
0.764093 1832
0.763072 1833
0.763276 1834
0.764297 1835
0.764910 1836
0.768178 1837
0.771855 1838
0.772672 1839
0.775327 1840
0.783292 1841
0.796569 1842
0.806781 1843
0.808415 1844
0.809845 1845
0.814747 1846
0.822508 1847
0.829861 1848
0.839665 1849
0.847426 1850
0.857639 1851
0.860498 1852
0.862745 1853
0.863154 1854
0.864379 1855
0.864379 1856
0.864583 1857
0.864583 1858
0.864379 1859
0.864379 1860
0.864583 1861
0.863358 1862
0.861520 1863
0.859886 1864
0.858047 1865
0.856209 1866
0.856209 1867
0.856618 1868
0.856822 1869
0.856822 1870
0.857435 1871
0.858456 1872
0.858864 1873
0.859681 1874
0.863154 1875
0.863971 1876
0.864175 1877
0.864583 1878
0.864992 1879
0.864992 1880
0.864992 1881
0.864788 1882
0.864992 1883
0.864992 1884
0.865196 1885
0.863154 1886
0.859069 1887
0.858252 1888
0.857843 1889
0.857435 1890
0.857230 1891
0.857026 1892
0.856822 1893
0.856822 1894
0.857026 1895
0.858047 1896
0.859681 1897
0.860294 1898
0.860703 1899
0.861111 1900
0.860498 1901
0.859681 1902
0.858456 1903
0.858047 1904
0.858456 1905
0.858864 1906
0.858864 1907
0.859681 1908
0.860294 1909
0.861111 1910
0.862337 1911
0.861520 1912
0.861315 1913
0.861315 1914
0.861111 1915
0.861111 1916
0.860294 1917
0.860294 1918
0.857639 1919
0.857026 1920
0.856413 1921
0.855392 1922
0.855188 1923
0.854779 1924
0.854575 1925
0.854371 1926
0.854167 1927
0.857435 1928
0.856209 1929
0.851307 1930
0.850286 1931
0.850082 1932
0.847018 1933
0.846405 1934
0.845180 1935
0.843954 1936
0.841299 1937
0.841095 1938
0.837623 1939
0.829453 1940
0.829044 1941
0.829044 1942
0.828431 1943
0.828840 1944
0.826797 1945
0.825163 1946
0.824142 1947
0.823734 1948
0.828431 1949
0.831699 1950
0.826389 1951
0.825572 1952
0.830270 1953
0.828840 1954
0.828023 1955
0.827819 1956
0.827614 1957
0.828840 1958
0.827819 1959
0.830474 1960
0.832516 1961
0.832925 1962
0.835376 1963
0.836601 1964
0.835989 1965
0.834355 1966
0.833946 1967
0.834559 1968
0.833333 1969
0.833946 1970
0.831904 1971
0.828840 1972
0.824551 1973
0.821078 1974
0.818832 1975
0.817198 1976
0.816381 1977
0.816585 1978
0.815359 1979
0.815564 1980
0.815359 1981
0.815972 1982
0.820670 1983
0.824959 1984
0.824551 1985
0.822712 1986
0.823121 1987
0.822712 1988
0.824959 1989
0.824959 1990
0.813725 1991
0.811479 1992
0.809028 1993
0.810662 1994
0.810866 1995
0.813725 1996
0.818423 1997
0.818219 1998
0.822712 1999
0.819036 2000
0.815564 2001
0.812704 2002
0.808211 2003
0.798407 2004
0.795956 2005
0.794526 2006
0.790850 2007
0.789828 2008
0.793301 2009
0.794935 2010
0.795343 2011
0.791871 2012
0.789624 2013
0.788399 2014
0.790441 2015
0.791462 2016
0.791462 2017
0.792484 2018
0.790850 2019
0.787377 2020
0.787377 2021
0.792279 2022
0.798407 2023
0.802288 2024
0.805351 2025
0.806168 2026
0.806781 2027
0.807394 2028
0.809436 2029
0.813317 2030
0.816789 2031
0.816381 2032
0.816789 2033
0.816381 2034
0.817606 2035
0.817198 2036
0.817606 2037
0.818015 2038
0.818832 2039
0.817198 2040
0.817402 2041
0.818219 2042
0.819649 2043
0.819444 2044
0.821487 2045
0.823121 2046
0.824142 2047
0.825163 2048
0.827410 2049
0.829861 2050
0.833129 2051
0.835172 2052
0.833129 2053
0.829861 2054
0.823529 2055
0.824142 2056
0.822917 2057
0.824551 2058
0.831087 2059
0.831699 2060
0.832721 2061
0.835989 2062
0.837214 2063
0.836601 2064
0.839665 2065
0.841299 2066
0.841299 2067
0.842116 2068
0.843954 2069
0.847631 2070
0.849060 2071
0.850899 2072
0.851920 2073
0.853554 2074
0.852737 2075
0.852533 2076
0.853350 2077
0.854371 2078
0.855596 2079
0.853758 2080
0.854779 2081
0.854779 2082
0.852737 2083
0.851511 2084
0.851716 2085
0.851103 2086
0.852124 2087
0.851511 2088
0.849265 2089
0.848448 2090
0.847222 2091
0.846814 2092
0.847222 2093
0.848448 2094
0.848039 2095
0.847018 2096
0.846814 2097
0.847222 2098
0.849060 2099
0.851307 2100
0.849673 2101
0.849060 2102
0.848039 2103
0.846814 2104
0.845384 2105
0.844975 2106
0.843546 2107
0.842525 2108
0.834150 2109
0.833742 2110
0.825776 2111
0.812908 2112
0.799224 2113
0.793096 2114
0.786152 2115
0.785948 2116
0.786152 2117
0.788807 2118
0.799020 2119
0.812908 2120
0.820261 2121
0.822712 2122
0.829657 2123
0.831495 2124
0.833538 2125
0.833946 2126
0.832925 2127
0.830678 2128
0.833946 2129
0.839461 2130
0.841708 2131
0.844567 2132
0.844771 2133
0.847631 2134
0.850490 2135
0.852124 2136
0.855596 2137
0.861111 2138
0.859069 2139
0.858660 2140
0.860294 2141
0.862541 2142
0.861724 2143
0.860703 2144
0.858864 2145
0.857026 2146
0.856209 2147
0.850694 2148
0.844771 2149
0.845792 2150
0.845588 2151
0.845792 2152
0.845588 2153
0.845384 2154
0.848243 2155
0.850082 2156
0.852124 2157
0.856209 2158
0.859477 2159
0.858047 2160
0.853758 2161
0.847631 2162
0.845792 2163
0.843546 2164
0.842525 2165
0.841299 2166
0.839052 2167
0.837623 2168
0.840686 2169
0.838440 2170
0.838235 2171
0.837623 2172
0.837010 2173
0.837214 2174
0.839052 2175
0.838848 2176
0.833333 2177
0.832108 2178
0.829248 2179
0.826185 2180
0.823734 2181
0.823121 2182
0.821895 2183
0.822508 2184
0.818015 2185
0.814747 2186
0.812296 2187
0.810662 2188
0.810458 2189
0.808619 2190
0.810049 2191
0.811887 2192
0.813930 2193
0.818423 2194
0.819036 2195
0.820874 2196
0.820261 2197
0.820261 2198
0.820466 2199
0.817606 2200
0.816993 2201
0.816585 2202
0.816585 2203
0.815972 2204
0.814747 2205
0.814134 2206
0.814747 2207
0.815155 2208
0.815564 2209
0.814542 2210
0.818832 2211
0.818832 2212
0.819444 2213
0.821078 2214
0.823121 2215
0.827614 2216
0.830678 2217
0.829861 2218
0.830882 2219
0.821078 2220
0.822508 2221
0.826185 2222
0.823734 2223
0.822304 2224
0.821691 2225
0.822508 2226
0.823734 2227
0.825572 2228
0.831291 2229
0.839461 2230
0.841299 2231
0.842320 2232
0.843342 2233
0.843750 2234
0.843342 2235
0.844158 2236
0.843137 2237
0.840278 2238
0.835784 2239
0.835172 2240
0.835172 2241
0.837827 2242
0.842116 2243
0.848243 2244
0.849877 2245
0.852328 2246
0.856005 2247
0.862337 2248
0.862949 2249
0.864175 2250
0.864379 2251
0.865196 2252
0.864788 2253
0.865196 2254
0.866013 2255
0.866217 2256
0.865809 2257
0.861520 2258
0.861520 2259
0.860294 2260
0.860498 2261
0.861928 2262
0.866422 2263
0.866422 2264
0.866626 2265
0.866830 2266
0.866830 2267
0.867034 2268
0.867034 2269
0.867239 2270
0.867239 2271
0.866830 2272
0.866830 2273
0.866626 2274
0.866626 2275
0.866626 2276
0.866217 2277
0.866013 2278
0.866013 2279
0.866013 2280
0.866217 2281
0.865809 2282
0.865605 2283
0.865196 2284
0.864992 2285
0.864788 2286
0.864583 2287
0.863971 2288
0.862745 2289
0.860294 2290
0.860907 2291
0.861111 2292
0.861315 2293
0.861315 2294
0.862132 2295
0.862541 2296
0.863358 2297
0.864175 2298
0.864992 2299
0.865809 2300
0.866626 2301
0.868464 2302
0.868668 2303
0.868464 2304
0.868668 2305
0.868668 2306
0.868668 2307
0.868668 2308
0.868873 2309
0.868668 2310
0.868464 2311
0.868873 2312
0.868873 2313
0.868668 2314
0.868668 2315
0.868873 2316
0.868873 2317
0.868873 2318
0.868873 2319
0.868668 2320
0.868873 2321
0.868668 2322
0.868873 2323
0.869077 2324
0.869077 2325
0.869281 2326
0.869077 2327
0.868668 2328
0.869077 2329
0.868873 2330
0.868668 2331
0.868873 2332
0.869077 2333
0.868873 2334
0.869077 2335
0.868873 2336
0.868464 2337
0.868260 2338
0.868464 2339
0.868668 2340
0.868464 2341
0.868668 2342
0.868873 2343
0.868668 2344
0.869077 2345
0.869077 2346
0.869077 2347
0.869077 2348
0.869281 2349
0.869485 2350
0.869485 2351
0.869485 2352
0.869690 2353
0.869485 2354
0.869281 2355
0.869281 2356
0.868873 2357
0.869077 2358
0.869281 2359
0.868668 2360
0.868873 2361
0.869077 2362
0.869077 2363
0.869077 2364
0.869077 2365
0.869077 2366
0.869281 2367
0.869077 2368
0.869077 2369
0.869077 2370
0.869281 2371
0.869281 2372
0.869077 2373
0.869077 2374
0.869281 2375
0.869485 2376
0.869281 2377
0.869281 2378
0.869281 2379
0.869281 2380
0.869281 2381
0.869281 2382
0.869485 2383
0.869485 2384
0.869485 2385
0.869485 2386
0.869690 2387
0.869485 2388
0.869281 2389
0.869281 2390
0.869281 2391
0.869894 2392
0.869281 2393
0.869077 2394
0.869077 2395
0.869077 2396
0.869077 2397
0.869281 2398
0.869077 2399
0.869077 2400
0.869485 2401
0.869690 2402
0.869485 2403
0.869485 2404
0.869690 2405
0.869485 2406
0.869485 2407
0.869485 2408
0.869690 2409
0.869485 2410
0.869281 2411
0.869485 2412
0.869690 2413
0.869894 2414
0.869690 2415
0.869690 2416
0.869690 2417
0.869690 2418
0.869485 2419
0.869485 2420
0.869690 2421
0.869894 2422
0.869894 2423
0.870302 2424
0.870098 2425
0.870098 2426
0.870098 2427
0.870098 2428
0.869894 2429
0.869894 2430
0.869690 2431
0.869690 2432
0.869894 2433
0.869894 2434
0.870098 2435
0.870302 2436
0.870302 2437
0.870098 2438
0.870302 2439
0.870302 2440
0.870302 2441
0.870302 2442
0.870507 2443
0.870302 2444
0.870302 2445
0.870302 2446
0.870507 2447
0.870302 2448
0.870302 2449
0.869894 2450
0.869894 2451
0.869894 2452
0.869690 2453
0.869690 2454
0.869894 2455
0.870098 2456
0.870098 2457
0.870507 2458
0.870302 2459
0.870507 2460
0.870507 2461
0.870507 2462
0.870711 2463
0.870915 2464
0.870915 2465
0.870711 2466
0.870711 2467
0.870915 2468
0.870711 2469
0.870915 2470
0.870711 2471
0.870915 2472
0.870915 2473
0.870915 2474
0.870711 2475
0.870711 2476
0.870302 2477
0.870507 2478
0.870711 2479
0.870711 2480
0.870915 2481
0.871119 2482
0.871119 2483
0.870915 2484
0.870915 2485
0.870711 2486
0.870915 2487
0.870507 2488
0.870915 2489
0.871119 2490
0.871119 2491
0.871324 2492
0.868668 2493
0.867443 2494
0.866626 2495
0.865605 2496
0.864992 2497
0.864583 2498
0.863358 2499
0.863154 2500
0.862745 2501
0.862337 2502
0.863766 2503
0.864992 2504
0.864788 2505
0.864788 2506
0.863562 2507
0.858047 2508
0.857843 2509
0.854167 2510
0.852737 2511
0.851511 2512
0.850490 2513
0.849469 2514
0.850694 2515
0.852533 2516
0.853962 2517
0.853962 2518
0.854779 2519
0.855392 2520
0.853962 2521
0.852533 2522
0.850082 2523
0.849469 2524
0.849265 2525
0.844567 2526
0.838440 2527
0.833129 2528
0.830882 2529
0.829044 2530
0.824959 2531
0.820466 2532
0.818015 2533
0.820057 2534
0.820466 2535
0.821487 2536
0.822100 2537
0.821487 2538
0.820874 2539
0.824755 2540
0.825980 2541
0.827614 2542
0.826797 2543
0.825572 2544
0.827206 2545
0.827819 2546
0.828636 2547
0.827819 2548
0.827614 2549
0.828636 2550
0.827819 2551
0.824142 2552
0.823734 2553
0.821487 2554
0.817606 2555
0.813930 2556
0.810458 2557
0.804534 2558
0.799632 2559
0.797386 2560
0.794322 2561
0.793096 2562
0.790033 2563
0.786969 2564
0.786152 2565
0.787377 2566
0.786969 2567
0.789420 2568
0.790441 2569
0.790850 2570
0.794322 2571
0.794935 2572
0.796160 2573
0.791871 2574
0.790033 2575
0.792279 2576
0.793709 2577
0.795752 2578
0.796160 2579
0.795752 2580
0.796364 2581
0.798815 2582
0.806168 2583
0.811070 2584
0.805964 2585
0.799224 2586
0.794730 2587
0.793096 2588
0.791667 2589
0.790237 2590
0.790237 2591
0.787990 2592
0.795343 2593
0.796160 2594
0.795139 2595
0.792892 2596
0.789216 2597
0.788603 2598
0.794730 2599
0.799020 2600
0.807394 2601
0.811275 2602
0.820261 2603
0.828840 2604
0.831699 2605
0.834967 2606
0.836397 2607
0.837418 2608
0.839052 2609
0.840686 2610
0.845384 2611
0.847631 2612
0.850899 2613
0.854371 2614
0.857230 2615
0.859069 2616
0.859477 2617
0.860294 2618
0.859681 2619
0.860294 2620
0.861111 2621
0.859681 2622
0.858456 2623
0.859069 2624
0.859477 2625
0.858252 2626
0.857230 2627
0.857639 2628
0.858252 2629
0.858864 2630
0.860703 2631
0.859477 2632
0.858456 2633
0.858456 2634
0.857435 2635
0.854984 2636
0.853554 2637
0.854575 2638
0.856822 2639
0.861111 2640
0.862541 2641
0.862745 2642
0.867443 2643
0.868056 2644
0.868260 2645
0.867851 2646
0.868056 2647
0.867647 2648
0.867647 2649
0.867647 2650
0.867443 2651
0.867443 2652
0.867239 2653
0.867443 2654
0.867647 2655
0.867239 2656
0.866626 2657
0.866626 2658
0.866422 2659
0.866217 2660
0.866422 2661
0.866013 2662
0.866013 2663
0.866013 2664
0.865400 2665
0.865400 2666
0.865605 2667
0.865400 2668
0.865809 2669
0.865605 2670
0.865809 2671
0.863562 2672
0.863971 2673
0.863971 2674
0.863358 2675
0.862132 2676
0.855801 2677
0.854371 2678
0.849877 2679
0.844771 2680
0.842525 2681
0.840686 2682
0.841095 2683
0.843750 2684
0.860907 2685
0.867443 2686
0.865400 2687
0.864379 2688
0.863358 2689
0.862745 2690
0.861724 2691
0.860703 2692
0.859069 2693
0.856413 2694
0.854779 2695
0.853554 2696
0.851920 2697
0.851103 2698
0.849060 2699
0.847631 2700
0.844363 2701
0.843954 2702
0.842116 2703
0.839665 2704
0.835580 2705
0.835580 2706
0.834355 2707
0.830678 2708
0.828840 2709
0.825776 2710
0.821487 2711
0.815564 2712
0.809641 2713
0.805147 2714
0.801266 2715
0.797181 2716
0.793709 2717
0.788603 2718
0.789216 2719
0.785948 2720
0.781454 2721
0.781046 2722
0.783088 2723
0.785131 2724
0.786560 2725
0.788807 2726
0.788194 2727
0.790850 2728
0.791054 2729
0.790033 2730
0.791258 2731
0.793301 2732
0.793913 2733
0.793301 2734
0.792688 2735
0.791258 2736
0.791054 2737
0.790441 2738
0.788603 2739
0.787786 2740
0.787990 2741
0.785948 2742
0.780433 2743
0.780433 2744
0.781046 2745
0.780433 2746
0.783701 2747
0.793505 2748
0.803513 2749
0.811070 2750
0.810662 2751
0.812500 2752
0.815359 2753
0.823938 2754
0.829657 2755
0.836601 2756
0.838644 2757
0.843546 2758
0.848856 2759
0.854167 2760
0.855392 2761
0.855188 2762
0.854371 2763
0.857435 2764
0.860703 2765
0.864175 2766
0.865809 2767
0.867034 2768
0.870711 2769
0.872141 2770
0.872141 2771
0.872549 2772
0.873162 2773
0.873162 2774
0.873162 2775
0.873162 2776
0.873162 2777
0.873162 2778
0.872958 2779
0.872958 2780
0.872345 2781
0.868056 2782
0.866217 2783
0.865196 2784
0.864379 2785
0.863562 2786
0.862337 2787
0.861724 2788
0.860090 2789
0.859886 2790
0.860498 2791
0.860294 2792
0.860090 2793
0.859273 2794
0.858864 2795
0.857230 2796
0.855801 2797
0.854984 2798
0.853962 2799
0.852737 2800
0.852737 2801
0.852941 2802
0.853758 2803
0.853145 2804
0.853962 2805
0.853554 2806
0.855188 2807
0.855188 2808
0.856618 2809
0.857639 2810
0.857639 2811
0.858456 2812
0.857843 2813
0.857026 2814
0.857843 2815
0.855596 2816
0.851920 2817
0.846609 2818
0.844158 2819
0.841299 2820
0.840074 2821
0.837418 2822
0.834355 2823
0.832516 2824
0.831087 2825
0.825572 2826
0.819853 2827
0.805964 2828
0.796773 2829
0.790645 2830
0.786356 2831
0.785335 2832
0.787582 2833
0.796977 2834
0.808415 2835
0.814747 2836
0.816381 2837
0.816585 2838
0.816585 2839
0.815972 2840
0.816176 2841
0.816381 2842
0.813521 2843
0.811683 2844
0.811275 2845
0.811479 2846
0.812500 2847
0.815359 2848
0.819649 2849
0.821078 2850
0.823734 2851
0.822304 2852
0.822917 2853
0.824142 2854
0.823529 2855
0.821283 2856
0.788194 2857
0.752655 2858
0.711193 2859
0.702002 2860
0.685662 2861
0.665033 2862
0.649101 2863
0.640931 2864
0.624796 2865
0.607435 2866
0.591299 2867
0.600286 2868
0.518178 2869
0.404820 2870
0.282680 2871
0.302083 2872
0.320466 2873
0.331699 2874
0.349469 2875
0.367851 2876
0.412786 2877
0.580678 2878
0.730801 2879
0.863971 2880
0.870507 2881
0.871732 2882
0.872141 2883
0.872141 2884
0.871732 2885
0.870915 2886
0.870711 2887
0.870915 2888
0.870711 2889
0.870302 2890
0.867443 2891
0.865400 2892
0.863971 2893
0.862745 2894
0.861520 2895
0.860703 2896
0.860090 2897
0.856005 2898
0.846405 2899
0.839869 2900
0.836397 2901
0.836806 2902
0.836601 2903
0.829657 2904
0.819240 2905
0.815972 2906
0.816381 2907
0.820670 2908
0.821895 2909
0.821691 2910
0.822712 2911
0.824142 2912
0.832721 2913
0.834150 2914
0.831495 2915
0.830065 2916
0.830678 2917
0.830882 2918
0.829044 2919
0.825776 2920
0.824142 2921
0.823325 2922
0.825776 2923
0.826185 2924
0.824346 2925
0.822100 2926
0.821283 2927
0.822508 2928
0.823734 2929
0.823734 2930
0.822917 2931
0.822917 2932
0.822508 2933
0.822917 2934
0.824346 2935
0.823529 2936
0.823938 2937
0.824959 2938
0.826593 2939
0.827410 2940
0.827819 2941
0.830065 2942
0.831699 2943
0.828840 2944
0.827002 2945
0.826797 2946
0.825572 2947
0.824551 2948
0.824142 2949
0.818423 2950
0.813930 2951
0.814338 2952
0.814134 2953
0.815155 2954
0.819444 2955
0.825163 2956
0.829861 2957
0.841503 2958
0.849265 2959
0.854167 2960
0.856618 2961
0.858660 2962
0.862541 2963
0.863154 2964
0.864788 2965
0.867034 2966
0.868056 2967
0.868668 2968
0.868668 2969
0.868464 2970
0.867851 2971
0.868668 2972
0.867851 2973
0.867443 2974
0.867851 2975
0.867647 2976
0.867239 2977
0.867647 2978
0.867851 2979
0.867239 2980
0.867034 2981
0.868260 2982
0.868056 2983
0.867443 2984
0.866830 2985
0.864583 2986
0.845384 2987
0.805147 2988
0.755106 2989
0.735907 2990
0.715074 2991
0.694240 2992
0.675041 2993
0.654616 2994
0.623775 2995
0.611724 2996
0.585989 2997
0.551879 2998
0.418301 2999
0.243464 3000
0.214257 3001
0.184436 3002
0.218341 3003
0.263276 3004
0.304126 3005
0.327614 3006
0.348243 3007
0.370915 3008
0.385417 3009
0.411969 3010
0.457721 3011
0.725899 3012
0.822508 3013
0.860498 3014
0.876634 3015
0.878881 3016
0.878881 3017
0.878881 3018
0.878881 3019
0.878881 3020
0.878881 3021
0.878881 3022
0.878881 3023
0.878881 3024
0.878881 3025
0.878881 3026
0.878881 3027
0.878881 3028
0.878881 3029
0.878881 3030
0.878881 3031
0.878881 3032
0.879085 3033
0.879085 3034
0.879085 3035
0.878676 3036
0.879085 3037
0.879085 3038
0.879085 3039
0.879085 3040
0.879085 3041
0.879085 3042
0.878064 3043
0.877247 3044
0.877042 3045
0.876225 3046
0.876225 3047
0.874796 3048
0.872753 3049
0.870915 3050
0.870098 3051
0.868260 3052
0.866217 3053
0.861520 3054
0.856618 3055
0.848652 3056
0.843137 3057
0.839869 3058
0.836601 3059
0.831904 3060
0.825776 3061
0.814747 3062
0.803717 3063
0.796569 3064
0.786969 3065
0.773489 3066
0.760008 3067
0.741013 3068
0.714052 3069
0.663399 3070
0.623979 3071
0.606618 3072
0.595997 3073
0.595180 3074
0.599060 3075
0.609273 3076
0.619281 3077
0.628472 3078
0.635825 3079
0.641340 3080
0.645425 3081
0.649306 3082
0.651144 3083
0.652369 3084
0.655637 3085
0.660539 3086
0.664011 3087
0.664216 3088
0.661765 3089
0.660948 3090
0.660539 3091
0.657884 3092
0.652369 3093
0.648693 3094
0.646650 3095
0.653186 3096
0.654412 3097
0.653595 3098
0.663603 3099
0.683415 3100
0.700368 3101
0.729575 3102
0.778186 3103
0.845384 3104
0.872141 3105
0.874183 3106
0.873979 3107
0.874387 3108
0.873162 3109
0.872345 3110
0.871732 3111
0.871528 3112
0.871528 3113
0.871732 3114
0.871732 3115
0.873775 3116
0.873775 3117
0.874592 3118
0.876838 3119
0.879085 3120
0.880106 3121
0.880106 3122
0.879902 3123
0.879698 3124
0.879698 3125
0.879493 3126
0.879493 3127
0.879493 3128
0.879493 3129
0.879493 3130
0.879289 3131
0.879493 3132
0.879493 3133
0.879698 3134
0.879698 3135
0.879902 3136
0.880106 3137
0.879902 3138
0.880106 3139
0.880106 3140
0.880106 3141
0.879902 3142
0.879902 3143
0.880106 3144
0.879902 3145
0.880106 3146
0.880106 3147
0.880106 3148
0.879902 3149
0.880106 3150
0.880106 3151
0.879085 3152
0.878268 3153
0.875613 3154
0.875204 3155
0.874387 3156
0.871936 3157
0.870302 3158
0.869894 3159
0.869485 3160
0.869077 3161
0.868464 3162
0.867443 3163
0.866217 3164
0.865400 3165
0.863971 3166
0.859886 3167
0.848243 3168
0.847426 3169
0.847018 3170
0.845588 3171
0.844975 3172
0.843954 3173
0.844158 3174
0.848448 3175
0.844975 3176
0.843750 3177
0.842320 3178
0.840482 3179
0.838848 3180
0.836601 3181
0.834150 3182
0.831495 3183
0.834355 3184
0.834967 3185
0.833129 3186
0.834355 3187
0.835580 3188
0.831291 3189
0.827002 3190
0.826185 3191
0.827410 3192
0.829453 3193
0.830270 3194
0.829453 3195
0.830065 3196
0.830065 3197
0.829861 3198
0.829453 3199
0.829044 3200
0.828636 3201
0.827410 3202
0.829248 3203
0.829453 3204
0.827819 3205
0.826185 3206
0.826185 3207
0.817810 3208
0.810253 3209
0.802288 3210
0.799428 3211
0.795139 3212
0.790645 3213
0.780229 3214
0.769404 3215
0.766748 3216
0.761642 3217
0.756127 3218
0.743056 3219
0.737541 3220
0.731209 3221
0.731618 3222
0.720180 3223
0.710376 3224
0.699959 3225
0.703227 3226
0.690564 3227
0.670343 3228
0.661152 3229
0.662377 3230
0.668301 3231
0.668096 3232
0.669526 3233
0.674020 3234
0.677900 3235
0.672181 3236
0.665645 3237
0.667688 3238
0.669730 3239
0.672181 3240
0.674224 3241
0.673815 3242
0.666462 3243
0.649510 3244
0.632966 3245
0.625817 3246
0.625817 3247
0.628268 3248
0.630923 3249
0.631332 3250
0.633578 3251
0.628881 3252
0.620711 3253
0.601511 3254
0.586806 3255
0.583946 3256
0.587214 3257
0.604371 3258
0.623979 3259
0.634395 3260
0.653391 3261
0.677900 3262
0.701593 3263
0.730801 3264
0.753676 3265
0.780637 3266
0.802492 3267
0.815155 3268
0.828227 3269
0.838644 3270
0.847222 3271
0.849877 3272
0.849877 3273
0.850082 3274
0.853350 3275
0.856005 3276
0.856413 3277
0.858456 3278
0.859886 3279
0.860703 3280
0.860294 3281
0.858456 3282
0.857026 3283
0.854984 3284
0.854167 3285
0.853145 3286
0.852124 3287
0.851716 3288
0.851920 3289
0.850694 3290
0.850082 3291
0.850082 3292
0.853554 3293
0.855801 3294
0.855801 3295
0.857230 3296
0.860498 3297
0.862132 3298
0.862949 3299
0.863766 3300
0.864788 3301
0.864992 3302
0.865605 3303
0.864992 3304
0.864379 3305
0.864175 3306
0.862949 3307
0.863154 3308
0.862949 3309
0.862745 3310
0.862745 3311
0.863358 3312
0.863766 3313
0.864175 3314
0.863766 3315
0.863562 3316
0.862541 3317
0.861520 3318
0.861520 3319
0.862132 3320
0.861928 3321
0.861928 3322
0.859273 3323
0.858660 3324
0.856822 3325
0.856618 3326
0.854371 3327
0.850694 3328
0.847835 3329
0.840686 3330
0.834559 3331
0.828636 3332
0.818423 3333
0.809845 3334
0.785131 3335
0.771038 3336
0.755106 3337
0.754698 3338
0.754085 3339
0.754698 3340
0.752451 3341
0.747549 3342
0.751634 3343
0.754902 3344
0.763480 3345
0.767565 3346
0.764093 3347
0.761029 3348
0.760212 3349
0.763889 3350
0.769812 3351
0.774101 3352
0.772263 3353
0.768382 3354
0.765523 3355
0.756127 3356
0.749183 3357
0.741013 3358
0.728554 3359
0.727737 3360
0.722222 3361
0.714461 3362
0.695874 3363
0.684232 3364
0.669935 3365
0.660335 3366
0.657475 3367
0.655025 3368
0.656250 3369
0.660948 3370
0.666667 3371
0.674837 3372
0.671569 3373
0.667075 3374
0.659109 3375
0.654208 3376
0.643587 3377
0.630106 3378
0.613971 3379
0.596609 3380
0.587827 3381
0.576593 3382
0.564951 3383
0.554534 3384
0.544935 3385
0.541258 3386
0.545547 3387
0.555760 3388
0.563930 3389
0.571895 3390
0.579861 3391
0.592525 3392
0.614175 3393
0.637868 3394
0.656658 3395
0.668301 3396
0.688521 3397
0.711806 3398
0.734273 3399
0.757557 3400
0.776348 3401
0.791871 3402
0.799020 3403
0.808415 3404
0.818015 3405
0.820670 3406
0.827206 3407
0.836806 3408
0.846609 3409
0.845792 3410
0.846201 3411
0.847835 3412
0.845588 3413
0.845588 3414
0.846814 3415
0.842729 3416
0.842525 3417
0.832108 3418
0.830678 3419
0.839257 3420
0.850694 3421
0.856618 3422
0.860294 3423
0.862541 3424
0.866626 3425
0.866830 3426
0.868464 3427
0.869485 3428
0.869281 3429
0.868873 3430
0.868873 3431
0.869485 3432
0.864992 3433
0.862949 3434
0.861724 3435
0.861315 3436
0.856209 3437
0.854984 3438
0.852737 3439
0.852124 3440
0.850694 3441
0.850082 3442
0.850899 3443
0.851307 3444
0.851716 3445
0.851511 3446
0.850694 3447
0.849877 3448
0.847835 3449
0.845384 3450
0.844771 3451
0.842933 3452
0.840074 3453
0.840482 3454
0.837010 3455
0.832108 3456
0.831087 3457
0.829657 3458
0.825163 3459
0.817198 3460
0.814338 3461
0.814338 3462
0.814338 3463
0.814747 3464
0.814134 3465
0.812092 3466
0.813317 3467
0.809436 3468
0.805351 3469
0.801266 3470
0.799632 3471
0.794322 3472
0.791667 3473
0.787173 3474
0.783905 3475
0.783292 3476
0.776348 3477
0.765931 3478
0.762255 3479
0.764706 3480
0.764706 3481
0.763480 3482
0.761846 3483
0.763072 3484
0.763480 3485
0.762051 3486
0.754493 3487
0.759600 3488
0.760825 3489
0.762051 3490
0.768791 3491
0.774101 3492
0.777778 3493
0.781658 3494
0.784722 3495
0.794526 3496
0.796569 3497
0.797386 3498
0.796773 3499
0.796977 3500
0.798407 3501
0.798203 3502
0.791462 3503
0.775531 3504
0.757761 3505
0.737745 3506
0.719158 3507
0.697304 3508
0.686275 3509
0.677083 3510
0.667075 3511
0.660335 3512
0.656454 3513
0.647672 3514
0.648080 3515
0.654820 3516
0.666258 3517
0.694649 3518
0.718137 3519
0.733660 3520
0.742647 3521
0.757353 3522
0.764297 3523
0.777982 3524
0.789011 3525
0.797386 3526
0.809436 3527
0.819444 3528
0.831087 3529
0.842116 3530
0.853350 3531
0.861724 3532
0.865605 3533
0.862132 3534
0.855801 3535
0.852533 3536
0.851511 3537
0.850082 3538
0.847018 3539
0.842320 3540
0.840074 3541
0.844158 3542
0.846609 3543
0.851920 3544
0.853554 3545
0.855596 3546
0.858047 3547
0.862337 3548
0.864992 3549
0.866830 3550
0.871732 3551
0.871732 3552
0.871732 3553
0.870711 3554
0.871324 3555
0.870915 3556
0.871324 3557
0.871528 3558
0.871528 3559
0.871528 3560
0.871732 3561
0.872549 3562
0.872958 3563
0.873775 3564
0.874387 3565
0.874387 3566
0.874592 3567
0.875000 3568
0.874796 3569
0.874796 3570
0.874796 3571
0.874796 3572
0.874592 3573
0.874796 3574
0.874183 3575
0.873162 3576
0.872549 3577
0.871936 3578
0.869894 3579
0.870302 3580
0.870302 3581
0.870302 3582
0.870302 3583
0.867034 3584
0.864788 3585
0.861315 3586
0.859273 3587
0.856413 3588
0.855392 3589
0.854371 3590
0.854779 3591
0.850899 3592
0.844363 3593
0.831904 3594
0.827410 3595
0.823529 3596
0.821283 3597
0.820874 3598
0.821283 3599
0.822508 3600
0.824755 3601
0.824551 3602
0.822100 3603
0.829044 3604
0.833333 3605
0.835376 3606
0.838031 3607
0.841503 3608
0.842729 3609
0.844158 3610
0.844975 3611
0.845180 3612
0.841912 3613
0.835580 3614
0.831087 3615
0.823734 3616
0.811070 3617
0.806781 3618
0.803922 3619
0.801266 3620
0.801266 3621
0.801879 3622
0.801471 3623
0.804126 3624
0.803922 3625
0.804943 3626
0.794935 3627
0.783497 3628
0.780025 3629
0.777574 3630
0.768178 3631
0.756944 3632
0.746936 3633
0.743464 3634
0.736315 3635
0.722835 3636
0.704248 3637
0.692606 3638
0.679126 3639
0.667279 3640
0.664828 3641
0.659314 3642
0.656863 3643
0.651552 3644
0.648693 3645
0.650123 3646
0.658088 3647
0.679534 3648
0.693627 3649
0.706495 3650
0.723652 3651
0.741217 3652
0.752042 3653
0.765523 3654
0.776961 3655
0.789011 3656
0.799428 3657
0.804126 3658
0.808211 3659
0.812500 3660
0.815359 3661
0.825572 3662
0.836397 3663
0.845588 3664
0.857230 3665
0.864992 3666
0.868873 3667
0.870302 3668
0.878881 3669
0.872141 3670
0.841708 3671
0.819649 3672
0.803922 3673
0.791871 3674
0.771038 3675
0.758783 3676
0.728145 3677
0.747753 3678
0.751021 3679
0.752451 3680
0.742239 3681
0.736520 3682
0.772059 3683
0.800858 3684
0.819444 3685
0.847631 3686
0.877042 3687
0.884191 3688
0.884191 3689
0.884191 3690
0.884395 3691
0.884395 3692
0.884395 3693
0.884191 3694
0.884191 3695
0.884191 3696
0.884191 3697
0.884191 3698
0.884191 3699
0.883987 3700
0.884395 3701
0.884600 3702
0.884191 3703
0.884395 3704
0.884600 3705
0.884395 3706
0.884191 3707
0.884191 3708
0.884395 3709
0.884191 3710
0.884395 3711
0.884395 3712
0.884600 3713
0.884600 3714
0.884600 3715
0.884600 3716
0.884600 3717
0.884600 3718
0.884395 3719
0.884600 3720
0.884600 3721
0.884600 3722
0.884395 3723
0.884600 3724
0.884395 3725
0.884395 3726
0.884395 3727
0.884600 3728
0.884600 3729
0.884600 3730
0.884804 3731
0.884804 3732
0.884804 3733
0.884600 3734
0.884600 3735
0.884600 3736
0.884600 3737
0.884600 3738
0.884600 3739
0.884600 3740
0.884600 3741
0.884600 3742
0.884600 3743
0.884600 3744
0.884600 3745
0.884804 3746
0.884804 3747
0.884804 3748
0.884600 3749
0.884600 3750
0.884600 3751
0.884600 3752
0.884600 3753
0.884600 3754
0.884600 3755
0.884600 3756
0.884600 3757
0.884600 3758
0.884600 3759
0.884804 3760
0.884804 3761
0.884804 3762
0.884804 3763
0.884804 3764
0.884804 3765
0.884804 3766
0.884804 3767
0.884804 3768
0.884804 3769
0.884804 3770
0.884804 3771
0.884804 3772
0.884804 3773
0.884600 3774
0.884600 3775
0.877451 3776
0.855392 3777
0.834559 3778
0.823121 3779
0.810049 3780
0.796977 3781
0.778799 3782
0.765727 3783
0.734273 3784
0.714665 3785
0.702002 3786
0.679126 3787
0.656250 3788
0.633578 3789
0.643791 3790
0.670752 3791
0.689747 3792
0.711601 3793
0.723856 3794
0.745711 3795
0.764297 3796
0.780229 3797
0.798611 3798
0.831699 3799
0.859477 3800
0.878268 3801
0.885008 3802
0.885008 3803
0.885008 3804
0.885008 3805
0.885008 3806
0.885008 3807
0.885212 3808
0.885008 3809
0.884804 3810
0.884804 3811
0.885008 3812
0.885008 3813
0.885008 3814
0.885212 3815
0.885008 3816
0.885008 3817
0.885008 3818
0.885008 3819
0.885212 3820
0.885008 3821
0.885008 3822
0.885212 3823
0.885212 3824
0.885212 3825
0.885212 3826
0.885212 3827
0.885212 3828
0.885212 3829
0.885212 3830
0.885212 3831
0.885212 3832
0.885212 3833
0.885212 3834
0.881944 3835
0.877247 3836
0.876021 3837
0.875613 3838
0.872549 3839
0.870915 3840
0.870302 3841
0.871119 3842
0.870915 3843
0.871119 3844
0.871119 3845
0.871119 3846
0.871324 3847
0.869894 3848
0.867851 3849
0.864788 3850
0.860090 3851
0.856209 3852
0.852124 3853
0.848243 3854
0.846609 3855
0.845997 3856
0.845792 3857
0.846609 3858
0.847835 3859
0.848856 3860
0.849265 3861
0.848856 3862
0.849265 3863
0.849877 3864
0.849265 3865
0.850082 3866
0.851103 3867
0.853962 3868
0.855188 3869
0.855596 3870
0.856005 3871
0.855188 3872
0.854779 3873
0.853554 3874
0.853758 3875
0.851511 3876
0.848856 3877
0.845588 3878
0.844975 3879
0.842729 3880
0.838644 3881
0.838031 3882
0.839461 3883
0.848039 3884
0.859477 3885
0.867239 3886
0.871732 3887
0.875000 3888
0.874796 3889
0.876430 3890
0.875408 3891
0.874183 3892
0.873775 3893
0.873366 3894
0.872345 3895
0.872141 3896
0.871528 3897
0.871119 3898
0.871528 3899
0.871528 3900
0.873162 3901
0.874183 3902
0.875817 3903
0.875817 3904
0.876225 3905
0.875613 3906
0.876021 3907
0.876225 3908
0.876021 3909
0.876225 3910
0.876430 3911
0.876838 3912
0.876225 3913
0.876225 3914
0.876634 3915
0.876634 3916
0.877042 3917
0.876430 3918
0.876838 3919
0.877042 3920
0.877042 3921
0.877655 3922
0.877859 3923
0.878064 3924
0.878064 3925
0.878676 3926
0.878064 3927
0.877655 3928
0.877042 3929
0.876838 3930
0.877247 3931
0.877859 3932
0.877859 3933
0.877247 3934
0.877859 3935
0.878268 3936
0.877859 3937
0.877247 3938
0.877451 3939
0.877655 3940
0.877247 3941
0.877451 3942
0.877655 3943
0.878268 3944
0.878064 3945
0.878268 3946
0.877655 3947
0.877247 3948
0.877451 3949
0.877451 3950
0.877247 3951
0.877247 3952
0.877451 3953
0.877859 3954
0.878064 3955
0.877859 3956
0.878064 3957
0.877859 3958
0.878064 3959
0.878268 3960
0.878064 3961
0.878268 3962
0.879085 3963
0.879085 3964
0.878881 3965
0.878881 3966
0.878472 3967
0.878881 3968
0.879085 3969
0.879493 3970
0.879698 3971
0.879493 3972
0.878676 3973
0.878676 3974
0.879085 3975
0.879085 3976
0.878881 3977
0.878676 3978
0.878472 3979
0.879085 3980
0.879493 3981
0.879698 3982
0.879289 3983
0.879698 3984
0.879493 3985
0.879698 3986
0.879698 3987
0.879493 3988
0.879493 3989
0.879289 3990
0.879493 3991
0.879493 3992
0.879493 3993
0.879085 3994
0.879085 3995
0.879289 3996
0.879085 3997
0.878676 3998
0.878676 3999
0.879493 4000
0.877042 4001
0.875613 4002
0.873366 4003
0.870915 4004
0.869690 4005
0.869485 4006
0.868873 4007
0.869690 4008
0.868464 4009
0.868056 4010
0.867647 4011
0.868056 4012
0.865400 4013
0.860294 4014
0.857435 4015
0.857026 4016
0.855596 4017
0.849060 4018
0.842116 4019
0.836193 4020
0.829453 4021
0.824346 4022
0.817198 4023
0.812296 4024
0.808415 4025
0.805964 4026
0.804330 4027
0.797181 4028
0.791258 4029
0.789420 4030
0.788603 4031
0.787786 4032
0.785539 4033
0.786765 4034
0.789828 4035
0.793301 4036
0.795956 4037
0.797794 4038
0.799224 4039
0.799837 4040
0.800858 4041
0.799428 4042
0.799837 4043
0.801266 4044
0.799632 4045
0.799837 4046
0.798407 4047
0.795752 4048
0.792279 4049
0.788399 4050
0.786765 4051
0.787990 4052
0.788399 4053
0.793505 4054
0.798203 4055
0.801062 4056
0.806781 4057
0.810458 4058
0.815768 4059
0.824755 4060
0.831495 4061
0.842933 4062
0.853145 4063
0.862337 4064
0.867851 4065
0.872958 4066
0.872753 4067
0.871324 4068
0.871119 4069
0.869894 4070
0.868668 4071
0.868056 4072
0.867851 4073
0.867851 4074
0.869281 4075
0.869485 4076
0.873162 4077
0.874183 4078
0.875613 4079
0.878268 4080
0.880310 4081
0.881127 4082
0.881740 4083
0.883170 4084
0.883987 4085
0.884600 4086
0.886438 4087
0.887051 4088
0.887051 4089
0.887051 4090
0.887051 4091
0.887051 4092
0.887051 4093
0.887051 4094
0.887051 4095
0.886846 4096
0.886642 4097
0.886642 4098
0.886846 4099
0.886846 4100
0.886846 4101
0.886846 4102
0.886846 4103
0.886846 4104
0.886846 4105
0.886846 4106
0.886846 4107
0.887051 4108
0.887051 4109
0.886846 4110
0.886846 4111
0.887051 4112
0.886029 4113
0.883578 4114
0.882761 4115
0.881740 4116
0.881127 4117
0.881332 4118
0.880719 4119
0.878472 4120
0.875613 4121
0.857230 4122
0.841095 4123
0.831699 4124
0.825980 4125
0.818219 4126
0.812908 4127
0.808619 4128
0.803717 4129
0.800041 4130
0.788194 4131
0.777574 4132
0.773897 4133
0.771038 4134
0.760825 4135
0.738766 4136
0.702819 4137
0.660539 4138
0.616217 4139
0.596201 4140
0.584355 4141
0.579861 4142
0.573325 4143
0.572304 4144
0.576797 4145
0.583538 4146
0.591095 4147
0.596405 4148
0.604984 4149
0.612337 4150
0.618668 4151
0.626430 4152
0.625204 4153
0.630310 4154
0.629902 4155
0.628676 4156
0.628472 4157
0.627859 4158
0.623162 4159
0.622958 4160
0.625408 4161
0.621324 4162
0.614788 4163
0.609069 4164
0.598039 4165
0.593546 4166
0.591503 4167
0.590482 4168
0.600082 4169
0.610294 4170
0.623775 4171
0.648080 4172
0.688725 4173
0.758783 4174
0.819444 4175
0.854575 4176
0.867851 4177
0.876634 4178
0.878064 4179
0.878268 4180
0.878064 4181
0.878472 4182
0.879698 4183
0.882149 4184
0.884191 4185
0.885621 4186
0.886438 4187
0.886846 4188
0.887663 4189
0.887663 4190
0.887663 4191
0.887663 4192
0.887663 4193
0.887663 4194
0.887663 4195
0.887663 4196
0.887663 4197
0.887663 4198
0.887868 4199
0.887868 4200
0.887868 4201
0.887868 4202
0.887868 4203
0.887663 4204
0.887663 4205
0.887663 4206
0.887663 4207
0.887663 4208
0.887663 4209
0.887663 4210
0.887663 4211
0.887663 4212
0.887663 4213
0.887663 4214
0.887868 4215
0.887868 4216
0.887868 4217
0.887868 4218
0.887868 4219
0.887868 4220
0.887868 4221
0.887868 4222
0.887868 4223
0.887868 4224
0.887868 4225
0.887868 4226
0.887868 4227
0.887255 4228
0.886642 4229
0.886438 4230
0.886234 4231
0.884600 4232
0.884191 4233
0.883374 4234
0.882557 4235
0.882353 4236
0.882353 4237
0.882557 4238
0.882761 4239
0.882761 4240
0.882557 4241
0.882966 4242
0.882557 4243
0.879698 4244
0.877042 4245
0.867034 4246
0.862949 4247
0.856822 4248
0.850082 4249
0.844975 4250
0.838848 4251
0.826185 4252
0.815768 4253
0.810662 4254
0.805351 4255
0.804943 4256
0.802900 4257
0.806985 4258
0.812092 4259
0.818219 4260
0.820670 4261
0.822508 4262
0.824551 4263
0.825980 4264
0.830678 4265
0.831087 4266
0.833538 4267
0.831904 4268
0.831904 4269
0.831087 4270
0.829453 4271
0.828840 4272
0.824346 4273
0.820874 4274
0.819036 4275
0.818219 4276
0.816381 4277
0.814747 4278
0.812092 4279
0.814134 4280
0.815359 4281
0.820057 4282
0.825368 4283
0.831495 4284
0.837010 4285
0.855392 4286
0.867239 4287
0.874387 4288
0.879085 4289
0.883170 4290
0.884395 4291
0.884191 4292
0.884395 4293
0.883783 4294
0.884191 4295
0.884191 4296
0.883987 4297
0.883578 4298
0.883578 4299
0.883987 4300
0.883783 4301
0.885417 4302
0.887051 4303
0.887868 4304
0.888480 4305
0.888480 4306
0.888480 4307
0.888480 4308
0.888480 4309
0.888685 4310
0.888889 4311
0.888889 4312
0.888685 4313
0.888685 4314
0.888685 4315
0.888889 4316
0.888889 4317
0.888889 4318
0.888889 4319
0.888889 4320
0.888889 4321
0.888889 4322
0.888889 4323
0.888889 4324
0.888889 4325
0.888889 4326
0.888889 4327
0.888889 4328
0.888889 4329
0.888889 4330
0.888889 4331
0.888889 4332
0.888889 4333
0.888889 4334
0.888889 4335
0.888889 4336
0.888889 4337
0.888889 4338
0.888685 4339
0.888685 4340
0.888889 4341
0.888889 4342
0.888889 4343
0.888889 4344
0.888889 4345
0.888889 4346
0.888889 4347
0.888889 4348
0.888889 4349
0.888889 4350
0.888889 4351
0.888889 4352
0.888889 4353
0.888889 4354
0.888889 4355
0.888889 4356
0.888889 4357
0.888889 4358
0.888889 4359
0.888889 4360
0.888889 4361
0.888889 4362
0.889093 4363
0.889093 4364
0.889093 4365
0.889093 4366
0.889093 4367
0.889093 4368
0.889093 4369
0.889093 4370
0.889093 4371
0.889093 4372
0.889093 4373
0.889093 4374
0.889093 4375
0.889093 4376
0.889093 4377
0.889093 4378
0.889093 4379
0.889093 4380
0.889093 4381
0.889093 4382
0.889093 4383
0.889297 4384
0.889297 4385
0.889297 4386
0.889093 4387
0.889093 4388
0.889093 4389
0.889093 4390
0.889502 4391
0.889297 4392
0.889297 4393
0.889297 4394
0.889297 4395
0.889502 4396
0.889502 4397
0.889502 4398
0.889297 4399
0.889297 4400
0.889297 4401
0.889297 4402
0.889297 4403
0.889297 4404
0.889297 4405
0.889297 4406
0.889297 4407
0.889297 4408
0.889297 4409
0.889297 4410
0.889297 4411
0.889297 4412
0.889297 4413
0.889297 4414
0.889297 4415
0.889502 4416
0.889297 4417
0.889297 4418
0.889502 4419
0.889502 4420
0.889502 4421
0.889706 4422
0.889706 4423
0.889706 4424
0.889706 4425
0.889706 4426
0.889706 4427
0.889502 4428
0.889502 4429
0.889706 4430
0.889502 4431
0.889502 4432
0.889706 4433
0.889706 4434
0.889910 4435
0.889910 4436
0.889910 4437
0.889910 4438
0.889910 4439
0.889910 4440
0.889910 4441
0.889910 4442
0.889910 4443
0.889910 4444
0.889910 4445
0.889910 4446
0.889910 4447
0.889502 4448
0.888889 4449
0.888480 4450
0.887255 4451
0.885825 4452
0.885008 4453
0.882353 4454
0.878676 4455
0.872753 4456
0.871324 4457
0.870098 4458
0.863766 4459
0.863358 4460
0.863766 4461
0.865196 4462
0.865605 4463
0.866013 4464
0.867034 4465
0.865605 4466
0.861928 4467
0.854167 4468
0.848448 4469
0.841503 4470
0.829861 4471
0.813317 4472
0.806373 4473
0.801675 4474
0.800245 4475
0.801266 4476
0.801062 4477
0.803105 4478
0.805964 4479
0.806577 4480
0.806168 4481
0.806781 4482
0.809436 4483
0.809641 4484
0.809641 4485
0.812908 4486
0.817402 4487
0.822508 4488
0.823529 4489
0.824142 4490
0.824346 4491
0.823938 4492
0.824346 4493
0.823121 4494
0.822917 4495
0.820874 4496
0.819853 4497
0.815768 4498
0.810458 4499
0.809232 4500
0.812704 4501
0.817402 4502
0.821691 4503
0.831904 4504
0.847835 4505
0.864788 4506
0.872753 4507
0.878881 4508
0.879289 4509
0.879698 4510
0.881740 4511
0.882353 4512
0.882353 4513
0.881944 4514
0.880106 4515
0.881127 4516
0.882557 4517
0.883987 4518
0.886438 4519
0.887459 4520
0.889910 4521
0.890114 4522
0.890114 4523
0.889910 4524
0.889910 4525
0.889910 4526
0.889910 4527
0.889910 4528
0.889910 4529
0.889910 4530
0.889910 4531
0.889910 4532
0.889910 4533
0.889910 4534
0.889910 4535
0.889910 4536
0.889910 4537
0.889910 4538
0.889910 4539
0.889910 4540
0.890114 4541
0.890114 4542
0.890114 4543
0.890114 4544
0.890319 4545
0.890319 4546
0.890319 4547
0.890319 4548
0.890319 4549
0.890319 4550
0.890114 4551
0.890319 4552
0.890319 4553
0.890319 4554
0.890319 4555
0.890319 4556
0.890319 4557
0.890319 4558
0.890319 4559
0.890319 4560
0.890319 4561
0.890319 4562
0.890319 4563
0.890319 4564
0.890319 4565
0.886642 4566
0.881332 4567
0.870711 4568
0.865809 4569
0.860294 4570
0.857435 4571
0.856005 4572
0.849469 4573
0.843750 4574
0.841503 4575
0.842320 4576
0.842933 4577
0.845180 4578
0.845792 4579
0.845792 4580
0.846609 4581
0.842116 4582
0.827410 4583
0.807802 4584
0.792279 4585
0.783088 4586
0.775940 4587
0.763276 4588
0.746936 4589
0.729779 4590
0.722018 4591
0.719158 4592
0.723448 4593
0.727328 4594
0.729779 4595
0.734477 4596
0.737337 4597
0.741422 4598
0.744894 4599
0.750408 4600
0.751634 4601
0.751838 4602
0.749796 4603
0.744485 4604
0.742851 4605
0.741422 4606
0.741013 4607
0.736724 4608
0.735907 4609
0.730596 4610
0.725899 4611
0.722222 4612
0.722018 4613
0.719567 4614
0.718546 4615
0.716095 4616
0.715686 4617
0.718137 4618
0.725286 4619
0.741422 4620
0.762868 4621
0.784722 4622
0.801266 4623
0.811683 4624
0.821283 4625
0.847835 4626
0.858047 4627
0.862132 4628
0.862745 4629
0.861315 4630
0.859886 4631
0.859273 4632
0.859477 4633
0.860294 4634
0.861724 4635
0.862745 4636
0.865809 4637
0.875817 4638
0.882557 4639
0.889502 4640
0.890319 4641
0.890727 4642
0.890727 4643
0.890727 4644
0.890727 4645
0.890727 4646
0.890727 4647
0.890727 4648
0.890931 4649
0.890931 4650
0.890931 4651
0.890931 4652
0.890931 4653
0.890931 4654
0.890931 4655
0.890727 4656
0.890931 4657
0.890931 4658
0.890931 4659
0.890727 4660
0.890931 4661
0.890931 4662
0.890931 4663
0.890727 4664
0.890727 4665
0.890727 4666
0.890727 4667
0.890727 4668
0.890727 4669
0.890727 4670
0.890523 4671
0.890727 4672
0.890523 4673
0.890523 4674
0.890523 4675
0.890523 4676
0.890523 4677
0.890523 4678
0.890114 4679
0.889502 4680
0.888072 4681
0.885621 4682
0.885008 4683
0.884395 4684
0.883987 4685
0.883783 4686
0.883783 4687
0.883374 4688
0.883374 4689
0.883374 4690
0.883374 4691
0.883578 4692
0.883578 4693
0.884395 4694
0.885825 4695
0.886642 4696
0.887459 4697
0.888889 4698
0.889706 4699
0.890727 4700
0.890727 4701
0.890727 4702
0.890727 4703
0.890727 4704
0.890727 4705
0.890931 4706
0.890931 4707
0.890931 4708
0.890931 4709
0.890931 4710
0.890931 4711
0.890931 4712
0.890727 4713
0.890523 4714
0.890523 4715
0.890727 4716
0.890727 4717
0.890931 4718
0.890931 4719
0.890931 4720
0.890931 4721
0.890931 4722
0.891136 4723
0.891136 4724
0.891136 4725
0.890931 4726
0.890931 4727
0.891136 4728
0.891136 4729
0.891136 4730
0.891136 4731
0.891136 4732
0.891136 4733
0.891136 4734
0.891136 4735
0.891136 4736
0.891136 4737
0.891136 4738
0.890931 4739
0.890931 4740
0.891136 4741
0.891136 4742
0.890931 4743
0.890931 4744
0.890931 4745
0.890931 4746
0.890727 4747
0.890727 4748
0.890931 4749
0.890931 4750
0.890931 4751
0.891136 4752
0.891136 4753
0.891136 4754
0.891136 4755
0.891136 4756
0.891136 4757
0.891136 4758
0.891136 4759
0.891136 4760
0.891136 4761
0.891136 4762
0.891136 4763
0.891136 4764
0.891136 4765
0.891340 4766
0.891340 4767
0.891340 4768
0.891340 4769
0.891340 4770
0.891340 4771
0.891340 4772
0.891340 4773
0.891340 4774
0.891340 4775
0.891136 4776
0.891340 4777
0.891340 4778
0.891136 4779
0.891136 4780
0.891136 4781
0.891136 4782
0.891136 4783
0.890931 4784
0.891136 4785
0.891136 4786
0.891136 4787
0.891136 4788
0.891136 4789
0.891136 4790
0.891136 4791
0.891136 4792
0.891136 4793
0.891136 4794
0.891136 4795
0.891136 4796
0.891136 4797
0.891136 4798
0.891136 4799
0.891136 4800
0.891136 4801
0.891136 4802
0.890931 4803
0.891136 4804
0.891136 4805
0.890931 4806
0.891340 4807
0.891340 4808
0.891340 4809
0.891340 4810
0.891340 4811
0.891340 4812
0.891340 4813
0.890931 4814
0.890727 4815
0.890727 4816
0.890727 4817
0.890727 4818
0.890727 4819
0.890727 4820
0.890727 4821
0.890727 4822
0.890727 4823
0.890727 4824
0.890727 4825
0.890727 4826
0.890931 4827
0.891136 4828
0.891136 4829
0.891136 4830
0.891340 4831
0.891340 4832
0.891136 4833
0.891340 4834
0.891340 4835
0.891136 4836
0.891136 4837
0.891136 4838
0.891136 4839
0.890931 4840
0.891136 4841
0.891136 4842
0.891136 4843
0.891136 4844
0.891136 4845
0.891136 4846
0.891136 4847
0.891136 4848
0.891136 4849
0.891136 4850
0.891136 4851
0.891136 4852
0.891136 4853
0.891136 4854
0.891136 4855
0.890931 4856
0.891136 4857
0.891136 4858
0.891136 4859
0.891136 4860
0.891136 4861
0.891340 4862
0.891340 4863
0.891340 4864
0.891340 4865
0.891544 4866
0.891748 4867
0.891748 4868
0.891748 4869
0.891544 4870
0.891544 4871
0.891544 4872
0.891544 4873
0.891544 4874
0.891544 4875
0.891544 4876
0.891544 4877
0.891544 4878
0.891544 4879
0.891544 4880
0.891340 4881
0.891340 4882
0.891340 4883
0.891544 4884
0.891544 4885
0.891340 4886
0.891340 4887
0.891340 4888
0.891340 4889
0.891340 4890
0.891340 4891
0.891544 4892
0.891340 4893
0.891544 4894
0.891340 4895
0.891340 4896
0.891340 4897
0.891340 4898
0.891340 4899
0.891340 4900
0.891544 4901
0.891340 4902
0.891340 4903
0.891340 4904
0.891340 4905
0.891340 4906
0.891340 4907
0.891340 4908
0.891544 4909
0.891544 4910
0.891544 4911
0.891748 4912
0.891544 4913
0.891544 4914
0.891544 4915
0.891544 4916
0.891544 4917
0.891544 4918
0.891544 4919
0.891544 4920
0.891544 4921
0.891544 4922
0.891544 4923
0.890931 4924
0.884600 4925
0.879085 4926
0.872549 4927
0.868464 4928
0.867034 4929
0.866422 4930
0.866217 4931
0.866422 4932
0.866422 4933
0.868056 4934
0.868056 4935
0.868260 4936
0.866830 4937
0.860907 4938
0.838848 4939
0.825163 4940
0.817606 4941
0.810253 4942
0.806781 4943
0.805556 4944
0.808211 4945
0.811070 4946
0.811070 4947
0.813725 4948
0.815155 4949
0.814134 4950
0.813521 4951
0.814134 4952
0.814542 4953
0.815155 4954
0.817402 4955
0.821691 4956
0.824551 4957
0.824755 4958
0.825163 4959
0.823734 4960
0.824755 4961
0.824755 4962
0.822508 4963
0.819649 4964
0.818832 4965
0.815155 4966
0.809028 4967
0.803922 4968
0.803717 4969
0.802696 4970
0.805964 4971
0.811275 4972
0.825163 4973
0.842525 4974
0.857230 4975
0.866013 4976
0.872345 4977
0.879698 4978
0.883578 4979
0.886029 4980
0.885621 4981
0.885825 4982
0.886029 4983
0.885825 4984
0.886029 4985
0.885212 4986
0.885212 4987
0.885212 4988
0.885825 4989
0.887663 4990
0.889297 4991
0.888889 4992
0.888889 4993
0.888480 4994
0.887663 4995
0.887459 4996
0.887459 4997
0.887051 4998
0.887051 4999
0.888072 5000
0.887459 5001
0.887255 5002
0.888072 5003
0.888276 5004
0.887663 5005
0.886846 5006
0.886642 5007
0.886642 5008
0.886438 5009
0.886846 5010
0.886642 5011
0.887459 5012
0.887255 5013
0.887255 5014
0.887459 5015
0.886846 5016
0.886642 5017
0.887255 5018
0.887459 5019
0.887868 5020
0.887663 5021
0.887459 5022
0.887255 5023
0.886846 5024
0.887459 5025
0.887459 5026
0.887255 5027
0.887663 5028
0.887255 5029
0.887255 5030
0.887255 5031
0.886846 5032
0.886642 5033
0.886438 5034
0.887051 5035
0.887051 5036
0.887255 5037
0.887459 5038
0.887255 5039
0.886846 5040
0.886846 5041
0.887051 5042
0.886846 5043
0.886846 5044
0.886438 5045
0.886846 5046
0.885621 5047
0.885825 5048
0.886438 5049
0.886846 5050
0.887663 5051
0.887051 5052
0.886234 5053
0.883170 5054
0.876430 5055
0.873775 5056
0.872549 5057
0.871119 5058
0.869281 5059
0.864379 5060
0.861111 5061
0.856005 5062
0.851103 5063
0.849877 5064
0.849877 5065
0.849673 5066
0.849469 5067
0.847631 5068
0.846609 5069
0.844363 5070
0.837827 5071
0.828023 5072
0.815768 5073
0.808211 5074
0.805351 5075
0.796160 5076
0.782680 5077
0.779412 5078
0.776552 5079
0.775327 5080
0.772263 5081
0.772672 5082
0.774101 5083
0.773489 5084
0.771650 5085
0.770221 5086
0.768995 5087
0.767361 5088
0.770221 5089
0.772467 5090
0.774918 5091
0.774306 5092
0.775531 5093
0.774918 5094
0.774714 5095
0.773693 5096
0.771242 5097
0.769404 5098
0.770016 5099
0.765114 5100
0.759804 5101
0.756740 5102
0.754289 5103
0.757149 5104
0.756944 5105
0.751430 5106
0.740605 5107
0.736928 5108
0.740196 5109
0.743056 5110
0.763480 5111
0.777369 5112
0.785335 5113
0.794935 5114
0.802900 5115
0.812296 5116
0.818219 5117
0.836397 5118
0.851103 5119
0.862337 5120
0.869281 5121
0.875408 5122
0.882353 5123
0.885008 5124
0.885417 5125
0.885417 5126
0.884191 5127
0.883170 5128
0.884395 5129
0.885008 5130
0.885212 5131
0.885212 5132
0.884191 5133
0.882966 5134
0.882966 5135
0.883170 5136
0.881332 5137
0.882149 5138
0.882557 5139
0.882966 5140
0.882761 5141
0.882966 5142
0.886234 5143
0.889093 5144
0.891136 5145
0.892157 5146
0.892157 5147
0.891748 5148
0.891748 5149
0.891748 5150
0.891748 5151
0.891748 5152
0.891748 5153
0.891748 5154
0.891953 5155
0.891953 5156
0.891953 5157
0.891953 5158
0.891953 5159
0.891953 5160
0.891953 5161
0.891953 5162
0.891953 5163
0.891953 5164
0.891953 5165
0.891953 5166
0.891953 5167
0.891953 5168
0.891953 5169
0.891953 5170
0.891748 5171
0.891953 5172
0.891953 5173
0.891953 5174
0.891953 5175
0.891953 5176
0.891953 5177
0.891953 5178
0.892157 5179
0.892157 5180
0.892157 5181
0.892157 5182
0.892157 5183
0.892157 5184
0.891953 5185
0.891953 5186
0.891953 5187
0.891953 5188
0.891953 5189
0.891953 5190
0.891953 5191
0.891953 5192
0.891748 5193
0.891953 5194
0.891953 5195
0.891953 5196
0.891953 5197
0.891953 5198
0.891953 5199
0.891953 5200
0.891748 5201
0.891748 5202
0.891748 5203
0.891748 5204
0.891748 5205
0.891748 5206
0.891953 5207
0.891748 5208
0.891748 5209
0.891748 5210
0.891748 5211
0.891748 5212
0.891748 5213
0.891748 5214
0.891953 5215
0.891748 5216
0.891748 5217
0.891953 5218
0.891953 5219
0.891953 5220
0.891953 5221
0.891953 5222
0.891953 5223
0.891953 5224
0.891953 5225
0.891953 5226
0.892157 5227
0.892157 5228
0.892157 5229
0.891953 5230
0.892157 5231
0.892157 5232
0.892157 5233
0.892157 5234
0.892157 5235
0.892361 5236
0.892361 5237
0.892361 5238
0.892361 5239
0.892361 5240
0.892361 5241
0.892361 5242
0.892361 5243
0.892361 5244
0.892157 5245
0.891953 5246
0.891544 5247
0.891748 5248
0.891748 5249
0.891748 5250
0.891748 5251
0.891748 5252
0.891748 5253
0.891748 5254
0.891340 5255
0.890727 5256
0.882966 5257
0.876634 5258
0.865400 5259
0.856413 5260
0.840278 5261
0.825368 5262
0.813521 5263
0.786969 5264
0.768178 5265
0.752655 5266
0.729984 5267
0.711601 5268
0.701797 5269
0.669730 5270
0.653595 5271
0.631944 5272
0.562500 5273
0.488358 5274
0.452410 5275
0.388480 5276
0.350286 5277
0.337623 5278
0.333538 5279
0.320466 5280
0.311887 5281
0.331087 5282
0.356618 5283
0.384395 5284
0.435253 5285
0.595997 5286
0.714665 5287
0.773284 5288
0.822100 5289
0.855801 5290
0.879902 5291
0.891544 5292
0.893791 5293
0.893791 5294
0.893791 5295
0.893791 5296
0.893791 5297
0.893791 5298
0.893791 5299
0.893791 5300
0.893791 5301
0.893587 5302
0.893587 5303
0.893587 5304
0.893587 5305
0.893587 5306
0.893587 5307
0.893587 5308
0.893587 5309
0.893587 5310
0.893587 5311
0.893587 5312
0.893587 5313
0.893587 5314
0.893587 5315
0.892974 5316
0.893587 5317
0.893587 5318
0.893587 5319
0.893587 5320
0.893382 5321
0.893382 5322
0.893382 5323
0.893382 5324
0.893587 5325
0.893587 5326
0.893587 5327
0.893587 5328
0.893587 5329
0.893791 5330
0.893791 5331
0.893791 5332
0.893791 5333
0.893791 5334
0.893587 5335
0.893587 5336
0.893587 5337
0.893587 5338
0.893587 5339
0.893587 5340
0.893587 5341
0.893587 5342
0.893587 5343
0.893382 5344
0.893382 5345
0.893382 5346
0.893587 5347
0.893587 5348
0.893587 5349
0.893587 5350
0.893587 5351
0.893587 5352
0.893587 5353
0.893587 5354
0.893587 5355
0.893587 5356
0.893587 5357
0.893587 5358
0.893587 5359
0.893587 5360
0.893587 5361
0.893587 5362
0.893587 5363
0.893587 5364
0.893587 5365
0.893587 5366
0.893587 5367
0.893587 5368
0.893587 5369
0.893587 5370
0.893587 5371
0.893587 5372
0.893587 5373
0.893587 5374
0.893587 5375
0.893382 5376
0.893382 5377
0.893382 5378
0.893382 5379
0.893382 5380
0.893382 5381
0.893382 5382
0.893382 5383
0.893382 5384
0.893587 5385
0.893587 5386
0.893587 5387
0.893587 5388
0.893587 5389
0.893587 5390
0.893587 5391
0.893587 5392
0.893587 5393
0.893587 5394
0.893587 5395
0.893587 5396
0.893587 5397
0.893382 5398
0.893587 5399
0.893587 5400
0.893587 5401
0.893587 5402
0.893587 5403
0.893587 5404
0.893587 5405
0.893587 5406
0.893382 5407
0.893382 5408
0.893382 5409
0.893382 5410
0.893382 5411
0.893382 5412
0.893382 5413
0.893382 5414
0.893382 5415
0.893382 5416
0.893382 5417
0.893382 5418
0.893382 5419
0.893382 5420
0.893382 5421
0.893382 5422
0.893382 5423
0.893382 5424
0.893382 5425
0.893382 5426
0.893382 5427
0.893382 5428
0.893382 5429
0.893382 5430
0.893382 5431
0.893382 5432
0.893382 5433
0.893382 5434
0.893382 5435
0.893382 5436
0.893382 5437
0.893382 5438
0.893178 5439
0.893178 5440
0.893178 5441
0.893178 5442
0.893178 5443
0.893178 5444
0.893178 5445
0.893178 5446
0.893178 5447
0.893178 5448
0.893382 5449
0.893382 5450
0.893178 5451
0.893178 5452
0.893382 5453
0.893382 5454
0.893178 5455
0.893178 5456
0.893382 5457
0.893382 5458
0.893382 5459
0.893382 5460
0.893382 5461
0.893382 5462
0.893382 5463
0.893178 5464
0.892974 5465
0.892565 5466
0.891953 5467
0.891544 5468
0.891748 5469
0.889706 5470
0.888889 5471
0.888480 5472
0.888072 5473
0.888685 5474
0.888685 5475
0.887459 5476
0.887459 5477
0.887868 5478
0.887459 5479
0.887868 5480
0.888889 5481
0.889297 5482
0.889502 5483
0.889502 5484
0.889502 5485
0.890114 5486
0.890523 5487
0.891340 5488
0.890523 5489
0.891748 5490
0.893178 5491
0.893178 5492
0.893178 5493
0.893178 5494
0.893178 5495
0.892565 5496
0.893178 5497
0.893178 5498
0.893178 5499
0.893178 5500
0.893178 5501
0.893178 5502
0.892770 5503
0.892974 5504
0.893178 5505
0.893178 5506
0.893382 5507
0.893382 5508
0.893178 5509
0.893178 5510
0.893178 5511
0.893178 5512
0.893178 5513
0.893178 5514
0.893178 5515
0.893178 5516
0.893178 5517
0.892974 5518
0.892770 5519
0.893178 5520
0.893178 5521
0.893178 5522
0.893178 5523
0.893178 5524
0.893178 5525
0.893178 5526
0.893178 5527
0.893178 5528
0.893178 5529
0.893178 5530
0.893178 5531
0.893178 5532
0.893178 5533
0.893178 5534
0.893178 5535
0.892974 5536
0.892974 5537
0.892974 5538
0.892974 5539
0.892974 5540
0.892974 5541
0.892974 5542
0.892974 5543
0.892974 5544
0.892974 5545
0.892974 5546
0.892974 5547
0.892974 5548
0.892974 5549
0.892974 5550
0.892974 5551
0.892974 5552
0.892974 5553
0.892974 5554
0.892974 5555
0.892974 5556
0.892974 5557
0.892974 5558
0.892974 5559
0.892974 5560
0.892974 5561
0.892770 5562
0.892974 5563
0.892974 5564
0.892974 5565
0.892974 5566
0.892974 5567
0.892974 5568
0.892974 5569
0.892770 5570
0.892770 5571
0.892974 5572
0.892770 5573
0.892770 5574
0.892974 5575
0.892361 5576
0.892770 5577
0.892565 5578
0.892565 5579
0.892974 5580
0.892974 5581
0.892974 5582
0.892974 5583
0.893178 5584
0.892974 5585
0.892974 5586
0.892974 5587
0.892974 5588
0.892974 5589
0.892770 5590
0.892974 5591
0.893178 5592
0.893178 5593
0.892974 5594
0.892770 5595
0.892974 5596
0.892974 5597
0.892770 5598
0.892770 5599
0.892770 5600
0.892770 5601
0.892770 5602
0.892974 5603
0.892974 5604
0.893178 5605
0.892974 5606
0.892974 5607
0.892974 5608
0.892974 5609
0.892770 5610
0.892770 5611
0.892770 5612
0.892974 5613
0.893178 5614
0.893178 5615
0.893178 5616
0.892974 5617
0.892974 5618
0.892974 5619
0.892974 5620
0.892974 5621
0.892974 5622
0.892974 5623
0.892974 5624
0.892974 5625
0.892974 5626
0.892974 5627
0.892770 5628
0.892974 5629
0.892974 5630
0.892770 5631
0.892770 5632
0.892770 5633
0.892770 5634
0.892770 5635
0.892770 5636
0.892770 5637
0.892770 5638
0.892770 5639
0.892770 5640
0.892770 5641
0.892770 5642
0.892770 5643
0.892565 5644
0.892565 5645
0.892565 5646
0.892565 5647
0.892565 5648
0.892565 5649
0.892770 5650
0.892770 5651
0.892770 5652
0.892770 5653
0.892565 5654
0.892565 5655
0.892565 5656
0.892770 5657
0.892770 5658
0.892770 5659
0.892770 5660
0.892770 5661
0.892770 5662
0.892770 5663
0.892770 5664
0.892565 5665
0.892565 5666
0.892565 5667
0.892361 5668
0.892565 5669
0.892565 5670
0.892565 5671
0.892565 5672
0.892565 5673
0.892565 5674
0.892361 5675
0.892361 5676
0.892565 5677
0.892565 5678
0.892565 5679
0.892565 5680
0.892565 5681
0.892565 5682
0.892361 5683
0.892157 5684
0.891953 5685
0.892157 5686
0.892565 5687
0.892565 5688
0.892565 5689
0.892565 5690
0.892565 5691
0.892565 5692
0.892565 5693
0.892361 5694
0.892361 5695
0.890931 5696
0.891748 5697
0.891340 5698
0.891136 5699
0.891748 5700
0.892361 5701
0.892157 5702
0.891953 5703
0.891748 5704
0.891953 5705
0.891136 5706
0.890931 5707
0.891748 5708
0.891953 5709
0.891748 5710
0.891953 5711
0.889910 5712
0.891136 5713
0.890727 5714
0.889706 5715
0.888685 5716
0.889297 5717
0.889502 5718
0.889706 5719
0.890727 5720
0.890727 5721
0.891340 5722
0.891953 5723
0.890727 5724
0.890727 5725
0.891136 5726
0.890727 5727
0.891748 5728
0.891544 5729
0.891136 5730
0.891544 5731
0.892157 5732
0.891544 5733
0.891340 5734
0.891544 5735
0.891748 5736
0.892157 5737
0.892361 5738
0.892565 5739
0.892361 5740
0.891953 5741
0.892361 5742
0.891953 5743
0.891953 5744
0.891340 5745
0.891340 5746
0.891544 5747
0.891340 5748
0.892157 5749
0.892157 5750
0.891544 5751
0.892157 5752
0.891953 5753
0.891748 5754
0.892157 5755
0.892157 5756
0.891953 5757
0.891953 5758
0.890931 5759
0.891136 5760
0.891136 5761
0.891748 5762
0.892157 5763
0.891953 5764
0.891953 5765
0.892157 5766
0.891953 5767
0.891136 5768
0.892157 5769
0.892157 5770
0.891748 5771
0.891544 5772
0.891340 5773
0.891748 5774
0.891953 5775
0.891953 5776
0.891748 5777
0.891340 5778
0.891748 5779
0.891953 5780
0.891953 5781
0.891748 5782
0.891136 5783
0.891340 5784
0.891748 5785
0.891544 5786
0.891544 5787
0.891340 5788
0.890727 5789
0.890114 5790
0.890727 5791
0.890319 5792
0.890319 5793
0.890114 5794
0.890319 5795
0.889706 5796
0.888480 5797
0.888889 5798
0.888072 5799
0.887255 5800
0.886642 5801
0.886234 5802
0.885417 5803
0.883987 5804
0.885417 5805
0.885008 5806
0.885825 5807
0.886846 5808
0.887663 5809
0.887255 5810
0.886234 5811
0.886029 5812
0.885212 5813
0.886438 5814
0.885417 5815
0.885008 5816
0.885008 5817
0.885621 5818
0.887051 5819
0.886642 5820
0.885008 5821
0.886642 5822
0.886438 5823
0.886642 5824
0.884600 5825
0.883783 5826
0.885825 5827
0.886642 5828
0.886029 5829
0.885417 5830
0.886029 5831
0.886642 5832
0.887255 5833
0.888685 5834
0.889706 5835
0.888889 5836
0.889093 5837
0.887255 5838
0.886846 5839
0.885008 5840
0.886029 5841
0.886029 5842
0.885825 5843
0.885212 5844
0.884395 5845
0.882761 5846
0.882966 5847
0.883578 5848
0.883987 5849
0.883578 5850
0.882353 5851
0.882557 5852
0.883578 5853
0.882353 5854
0.883987 5855
0.882149 5856
0.882966 5857
0.883578 5858
0.882761 5859
0.883170 5860
0.883374 5861
0.882557 5862
0.882966 5863
0.882149 5864
0.882761 5865
0.885417 5866
0.886846 5867
0.887255 5868
0.887663 5869
0.886846 5870
0.887459 5871
0.889297 5872
0.890114 5873
0.888276 5874
0.888480 5875
0.888072 5876
0.888072 5877
0.888889 5878
0.888276 5879
0.887663 5880
0.888480 5881
0.887868 5882
0.888685 5883
0.888276 5884
0.886642 5885
0.886642 5886
0.886438 5887
0.886438 5888
0.888685 5889
0.888889 5890
0.887663 5891
0.885008 5892
0.880106 5893
0.874796 5894
0.871119 5895
0.862337 5896
0.854167 5897
0.848243 5898
0.844158 5899
0.834763 5900
0.827206 5901
0.821487 5902
0.813113 5903
0.805556 5904
0.798611 5905
0.796160 5906
0.790850 5907
0.782475 5908
0.778799 5909
0.766544 5910
0.754902 5911
0.746936 5912
0.757557 5913
0.810253 5914
0.835784 5915
0.831904 5916
0.834355 5917
0.849877 5918
0.867239 5919
0.893995 5920
0.906454 5921
0.907067 5922
0.904412 5923
0.899714 5924
0.888685 5925
0.866626 5926
0.846405 5927
0.831904 5928
0.819649 5929
0.792688 5930
0.777778 5931
0.773897 5932
0.767157 5933
0.765114 5934
0.761029 5935
0.778186 5936
0.800245 5937
0.794118 5938
0.791871 5939
0.792279 5940
0.791871 5941
0.821283 5942
0.848039 5943
0.876225 5944
0.889910 5945
0.890319 5946
0.891544 5947
0.891544 5948
0.891544 5949
0.891544 5950
0.891544 5951
0.891544 5952
0.891544 5953
0.891544 5954
0.891544 5955
0.891544 5956
0.891544 5957
0.891544 5958
0.891544 5959
0.891340 5960
0.891340 5961
0.891136 5962
0.891136 5963
0.891136 5964
0.891136 5965
0.891340 5966
0.891340 5967
0.891340 5968
0.891340 5969
0.891340 5970
0.891340 5971
0.891340 5972
0.891340 5973
0.891340 5974
0.891340 5975
0.891340 5976
0.891136 5977
0.891136 5978
0.891136 5979
0.891136 5980
0.891136 5981
0.891136 5982
0.891136 5983
0.891136 5984
0.891136 5985
0.891136 5986
0.890931 5987
0.890931 5988
0.890931 5989
0.890931 5990
0.891136 5991
0.891136 5992
0.891136 5993
0.891136 5994
0.891136 5995
0.891136 5996
0.891136 5997
0.891136 5998
0.890931 5999
0.890931 6000
0.890931 6001
0.890931 6002
0.890931 6003
0.890931 6004
0.890727 6005
0.890727 6006
0.890727 6007
0.890727 6008
0.890727 6009
0.890727 6010
0.890727 6011
0.890727 6012
0.890727 6013
0.890727 6014
0.890727 6015
0.890931 6016
0.890931 6017
0.890931 6018
0.890931 6019
0.890931 6020
0.890931 6021
0.890931 6022
0.890931 6023
0.890931 6024
0.890931 6025
0.890931 6026
0.890931 6027
0.890931 6028
0.890931 6029
0.890931 6030
0.890931 6031
0.890931 6032
0.890931 6033
0.890931 6034
0.890727 6035
0.890727 6036
0.890727 6037
0.890727 6038
0.890931 6039
0.890931 6040
0.890523 6041
0.890727 6042
0.890931 6043
0.890931 6044
0.890727 6045
0.890727 6046
0.890727 6047
0.890727 6048
0.890727 6049
0.890727 6050
0.890727 6051
0.890727 6052
0.890727 6053
0.890727 6054
0.890727 6055
0.890727 6056
0.890727 6057
0.890727 6058
0.890727 6059
0.890727 6060
0.890727 6061
0.890727 6062
0.890727 6063
0.890727 6064
0.890727 6065
0.890727 6066
0.890523 6067
0.890523 6068
0.890727 6069
0.890727 6070
0.890727 6071
0.890727 6072
0.890727 6073
0.890727 6074
0.890727 6075
0.890727 6076
0.890727 6077
0.890523 6078
0.890523 6079
0.890523 6080
0.890523 6081
0.890523 6082
0.890523 6083
0.890523 6084
0.890523 6085
0.890523 6086
0.890523 6087
0.890523 6088
0.890523 6089
0.890727 6090
0.890727 6091
0.890727 6092
0.890727 6093
0.890727 6094
0.890727 6095
0.890727 6096
0.890727 6097
0.890727 6098
0.890727 6099
0.890727 6100
0.890727 6101
0.890727 6102
0.890727 6103
0.890727 6104
0.890523 6105
0.890523 6106
0.890523 6107
0.890523 6108
0.890523 6109
0.890523 6110
0.890523 6111
0.890523 6112
0.890523 6113
0.890523 6114
0.890523 6115
0.890523 6116
0.890523 6117
0.890523 6118
0.890523 6119
0.890523 6120
0.890523 6121
0.890523 6122
0.890523 6123
0.890523 6124
0.890523 6125
0.890523 6126
0.890523 6127
0.890523 6128
0.890523 6129
0.890523 6130
0.890319 6131
0.890319 6132
0.890319 6133
0.890523 6134
0.890523 6135
0.890523 6136
0.890523 6137
0.890523 6138
0.890523 6139
0.890523 6140
0.890523 6141
0.890523 6142
0.890523 6143
0.890319 6144
0.890523 6145
0.890523 6146
0.890523 6147
0.890523 6148
0.890523 6149
0.890523 6150
0.890319 6151
0.890319 6152
0.890319 6153
0.890319 6154
0.890319 6155
0.890114 6156
0.883783 6157
0.875817 6158
0.872345 6159
0.870915 6160
0.870098 6161
0.871732 6162
0.871732 6163
0.872753 6164
0.873162 6165
0.873775 6166
0.876838 6167
0.877859 6168
0.876021 6169
0.873570 6170
0.870507 6171
0.865196 6172
0.863358 6173
0.862337 6174
0.860498 6175
0.859886 6176
0.859069 6177
0.859273 6178
0.859273 6179
0.859273 6180
0.859477 6181
0.860703 6182
0.860907 6183
0.861724 6184
0.862337 6185
0.862541 6186
0.864788 6187
0.867034 6188
0.867647 6189
0.867851 6190
0.868668 6191
0.868873 6192
0.869281 6193
0.869894 6194
0.869485 6195
0.868260 6196
0.866626 6197
0.863562 6198
0.862745 6199
0.861724 6200
0.861315 6201
0.863766 6202
0.866422 6203
0.873162 6204
0.877655 6205
0.879902 6206
0.878676 6207
0.875408 6208
0.866013 6209
0.857230 6210
0.831699 6211
0.815972 6212
0.813317 6213
0.812908 6214
0.810458 6215
0.807190 6216
0.801879 6217
0.818832 6218
0.852737 6219
0.867851 6220
0.869485 6221
0.869077 6222
0.865605 6223
0.862541 6224
0.862745 6225
0.865605 6226
0.866013 6227
0.865196 6228
0.863154 6229
0.862337 6230
0.858252 6231
0.855801 6232
0.854167 6233
0.855801 6234
0.855392 6235
0.856822 6236
0.857435 6237
0.857435 6238
0.856822 6239
0.857026 6240
0.855188 6241
0.854984 6242
0.856005 6243
0.853962 6244
0.852124 6245
0.852328 6246
0.850899 6247
0.848856 6248
0.845180 6249
0.840074 6250
0.840074 6251
0.841912 6252
0.835989 6253
0.832516 6254
0.837010 6255
0.835376 6256
0.835172 6257
0.836806 6258
0.840891 6259
0.842116 6260
0.841299 6261
0.844567 6262
0.847631 6263
0.850490 6264
0.853758 6265
0.856413 6266
0.857435 6267
0.855596 6268
0.855188 6269
0.854779 6270
0.850286 6271
0.847222 6272
0.846609 6273
0.846609 6274
0.850694 6275
0.852533 6276
0.849673 6277
0.850490 6278
0.853145 6279
0.854779 6280
0.856005 6281
0.858252 6282
0.858660 6283
0.857230 6284
0.859273 6285
0.861724 6286
0.862745 6287
0.865400 6288
0.867239 6289
0.871732 6290
0.872549 6291
0.874387 6292
0.875204 6293
0.877042 6294
0.879289 6295
0.880310 6296
0.882353 6297
0.883987 6298
0.886029 6299
0.886846 6300
0.888889 6301
0.890727 6302
0.890727 6303
0.890727 6304
0.890727 6305
0.890727 6306
0.890931 6307
0.890931 6308
0.890931 6309
0.890727 6310
0.890727 6311
0.890727 6312
0.890727 6313
0.890727 6314
0.890727 6315
0.890727 6316
0.890727 6317
0.890727 6318
0.890727 6319
0.890727 6320
0.890727 6321
0.890727 6322
0.890727 6323
0.890727 6324
0.890727 6325
0.890727 6326
0.890931 6327
0.890931 6328
0.890931 6329
0.890931 6330
0.890931 6331
0.890931 6332
0.890931 6333
0.890931 6334
0.890931 6335
0.890931 6336
0.890931 6337
0.890931 6338
0.890931 6339
0.890931 6340
0.890931 6341
0.890931 6342
0.890931 6343
0.890931 6344
0.890931 6345
0.890931 6346
0.890931 6347
0.890931 6348
0.890931 6349
0.890727 6350
0.890727 6351
0.890727 6352
0.890727 6353
0.890727 6354
0.890727 6355
0.890727 6356
0.890727 6357
0.890727 6358
0.890727 6359
0.890727 6360
0.889093 6361
0.888276 6362
0.886642 6363
0.884395 6364
0.884191 6365
0.883578 6366
0.882149 6367
0.879902 6368
0.877859 6369
0.877247 6370
0.875408 6371
0.872958 6372
0.870507 6373
0.869690 6374
0.867443 6375
0.858864 6376
0.850286 6377
0.844567 6378
0.840074 6379
0.834150 6380
0.830065 6381
0.829044 6382
0.828431 6383
0.827206 6384
0.825572 6385
0.824551 6386
0.822917 6387
0.824551 6388
0.825163 6389
0.826593 6390
0.827002 6391
0.826389 6392
0.828840 6393
0.830065 6394
0.831291 6395
0.831495 6396
0.831699 6397
0.833333 6398
0.834967 6399
0.833742 6400
0.832516 6401
0.833129 6402
0.833742 6403
0.834355 6404
0.836601 6405
0.838235 6406
0.841708 6407
0.847222 6408
0.849877 6409
0.853962 6410
0.851920 6411
0.852124 6412
0.847018 6413
0.842525 6414
0.839869 6415
0.840482 6416
0.841503 6417
0.843750 6418
0.846609 6419
0.847631 6420
0.848243 6421
0.850694 6422
0.852737 6423
0.854779 6424
0.855392 6425
0.855188 6426
0.854167 6427
0.846814 6428
0.841912 6429
0.837418 6430
0.833333 6431
0.830270 6432
0.829657 6433
0.830474 6434
0.829657 6435
0.829453 6436
0.829044 6437
0.830678 6438
0.830270 6439
0.828227 6440
0.831699 6441
0.832721 6442
0.834559 6443
0.837418 6444
0.841095 6445
0.844975 6446
0.844771 6447
0.843954 6448
0.843546 6449
0.834967 6450
0.828840 6451
0.819444 6452
0.808007 6453
0.790441 6454
0.781863 6455
0.777369 6456
0.780025 6457
0.783701 6458
0.795343 6459
0.806577 6460
0.819240 6461
0.836193 6462
0.844771 6463
0.857026 6464
0.869281 6465
0.881740 6466
0.889297 6467
0.890931 6468
0.891340 6469
0.891340 6470
0.891340 6471
0.891340 6472
0.891340 6473
0.891340 6474
0.891340 6475
0.891340 6476
0.891544 6477
0.891544 6478
0.891544 6479
0.891544 6480
0.891544 6481
0.891748 6482
0.891544 6483
0.891544 6484
0.891544 6485
0.891544 6486
0.891748 6487
0.891748 6488
0.891748 6489
0.891748 6490
0.891748 6491
0.891748 6492
0.891340 6493
0.888072 6494
0.869894 6495
0.854984 6496
0.847631 6497
0.837827 6498
0.829248 6499
0.824346 6500
0.821283 6501
0.823734 6502
0.838848 6503
0.845588 6504
0.855801 6505
0.849469 6506
0.852328 6507
0.853554 6508
0.853758 6509
0.859069 6510
0.865605 6511
0.861520 6512
0.857843 6513
0.854575 6514
0.855188 6515
0.853350 6516
0.852941 6517
0.853350 6518
0.854779 6519
0.853554 6520
0.853962 6521
0.855188 6522
0.855188 6523
0.855596 6524
0.856822 6525
0.857435 6526
0.857435 6527
